43
MapsSv7
SundarA PhilippK FionaF LarryO ClementM ThomasK MatasW LarryX ClementE BakhodirD
MarsUltrav8
PhilippI SergeyU SusanQ PhilippP StefanQ BenjaminT RuthX BakhodirG MatasW
StreetViewProv9
SundarA MatasC ClementE MatasW JenK PhilippK NellyY LarryO
ExploreUltrav8
BakhodirD ClementM SergeyV HiroshiF FionaJ SusanQ ClementE
DuoZv4
ThomasK SundarP LarryX FionaJ PhilippK RuthX ThomasM
ChromeOSUltrav5
JenK PhilippH SergeyU HiroshiW PhilippK ClementL
GlassOSLitev9
FionaJ BakhodirG SundarA PhilippK HiroshiF PhilippH
DreamSv2
SusanQ PhilippP SergeyN LarryO PhilippI MatasW
StreamXv6
BakhodirW JenK SergeyN ClementM FionaJ
BuildMaxv1
MichalB RuthX NellyY BakhodirG SergeyV
ResearchXv8
SundarP ClementM BakhodirW JenK ClementE
WearOSLitev5
NellyY BakhodirD TatiyanaC JenK PhilippI
SmartSv2
FionaF BakhodirW PhilippK BenjaminT FionaN
DuoMaxv1
FionaJ NellyY PhilippI PhilippP ClementL
AndroidAutoZv2
PhilippH JenK PhilippI LarryX SergeyU
FeedBurnerMaxv1
MichalB ThomasK ClementL HiroshiF
MarsXv1
HiroshiF FionaJ MichalB MatasH
GameLitev8
PhilippP PhilippK MatasW SergeyN
BloggerNextv8
PhilippP ClementE MatasW SergeyV
ShortsNextv7
FionaF PhilippY HiroshiF
GameProv6
LarryO SusanQ StefanQ
AndroidTVMaxv5
HiroshiF SundarP PhilippK
ChromeOSLitev3
PhilippP HiroshiW PhilippY
DocsNextv2
SundarP JenK ClementL
ChromeNextv7
SergeyV BakhodirD PhilippY
StreetViewXv1
TatiyanaC JenK FionaF
SmartLitev9
JenZ ThomasK PhilippP
DuoZv2
PhilippY SundarP FionaF
MapsProv8
HiroshiW StefanQ LarryX
MarsLitev5
BakhodirD TatiyanaC
ClassroomMaxv2
TatiyanaC SusanQ
FeedBurnerMaxv3
TatiyanaC LarryO
SitesSv1
SergeyU ClementL
ReleaseUltrav1
FionaJ BakhodirD
FuchsiaXv6
SergeyV SundarA
ShoppingProv8
FionaN PhilippI
SlidesNextv2
JenZ PhilippH
CastOSProv6
LarryX
DaydreamLitev7
BakhodirW
ConnectLitev9
SundarA
WebserverProv6
PhilippP
GameProv3
PhilippY
StreamXv9
LarryO