29
ScholarMaxv3
c461 c4 c641 c856 c288 c462 c192 c1128 c531 c382 c670 c657 c555 c386 c107 c1074 c754 c905 c1193 c960 c882 c1308 c1111 c1314 c1048 c1169 c668 c212 c1170 c219 c1281 c27 c368 c874 c1398 c425 c1183 c558 c1083 c372 c204 c83 c1229 c544 c708 c1480 c1321 c491 c970 c675 c169
WebserverZv3
c933 c397 c1480 c668 c44 c999 c892 c212 c710 c383 c268 c1058 c629 c1308 c588 c387 c1314 c850 c963 c951 c1237 c144 c676 c1349 c1424 c657 c61 c313 c477 c677 c461 c1232 c185 c55 c1479 c531 c551 c874 c95 c587 c368 c882 c808 c708 c529
ArtsSv6
c790 c1086 c563 c1424 c1242 c603 c905 c208 c1111 c1353 c204 c391 c477 c776 c1446 c1308 c341 c808 c657 c920 c145 c419 c1442 c551 c387 c1444 c999 c693 c531 c1319 c935 c8 c383 c668 c641 c44
CastOSUltrav6
c588 c76 c862 c920 c185 c526 c430 c337 c1193 c111 c387 c27 c1194 c212 c1459 c531 c47 c558 c850 c736 c1128 c192 c1223 c1479 c767 c448 c642 c219 c421 c160 c1464 c675 c1183 c852
LearnNextv3
c874 c1058 c1105 c668 c193 c1145 c935 c268 c1183 c1480 c851 c95 c657 c963 c326 c1111 c612 c1193 c1484 c382 c515 c157 c1124 c1292 c316 c368 c391 c461 c512 c1476 c882 c955 c907 c1470
MarsProv2
c4 c1205 c1308 c737 c679 c670 c337 c1446 c1198 c1079 c1194 c847 c920 c615 c1316 c845 c41 c1262 c1193 c527 c83 c313 c736 c169 c663 c530 c1257 c1321 c874 c642 c1124 c899 c320 c955
KeepLitev6
c642 c621 c960 c473 c212 c383 c1456 c461 c799 c760 c1183 c587 c63 c1138 c1193 c956 c491 c1081 c1324 c499 c331 c1295 c1042 c845 c517 c1383 c986 c1198 c1124 c1321 c664 c1446 c653 c1170
AndroidUltrav5
c1324 c558 c1470 c44 c629 c1194 c1198 c383 c1484 c970 c1058 c657 c212 c529 c1170 c219 c527 c1322 c76 c933 c515 c1321 c1183 c551 c1231 c1456 c185 c904 c1244 c512
ConnectUltrav5
c1198 c160 c27 c1205 c1446 c192 c1308 c754 c1232 c578 c1079 c1474 c955 c1194 c824 c561 c862 c882 c4 c157 c1480 c551 c1322 c1193 c563 c899 c641 c1456 c169 c670
VoiceLitev9
c185 c341 c1383 c570 c512 c95 c212 c899 c1110 c1295 c4 c376 c850 c111 c1446 c1398 c1321 c1439 c664 c754 c629 c316 c461 c882 c421 c854 c1464 c268 c531 c1484
DataMaxv3
c1324 c343 c736 c1308 c4 c853 c382 c1231 c531 c1193 c187 c1358 c1345 c473 c1129 c1055 c537 c1442 c1319 c1198 c331 c326 c847 c375 c675 c185 c169
MarsNextv7
c45 c491 c1398 c608 c344 c570 c1058 c1456 c1124 c668 c642 c391 c558 c1079 c268 c375 c657 c1484 c874 c1125 c538 c1074 c316 c187 c708 c1459 c44
SmartLitev2
c808 c372 c737 c587 c657 c850 c570 c999 c1074 c882 c955 c874 c1205 c1183 c608 c1319 c376 c935 c383 c107 c551 c268 c344 c693 c563 c760
SkyUltrav1
c531 c847 c766 c587 c612 c491 c657 c738 c960 c955 c529 c212 c4 c1446 c935 c1042 c95 c527 c63 c1194 c268 c1322 c313 c135 c1142 c668
CodeNextv2
c853 c76 c372 c708 c499 c135 c331 c383 c642 c561 c963 c61 c987 c1231 c111 c1484 c4 c563 c526 c856 c1183 c955 c1198 c1232
WearOSProv5
c663 c1285 c215 c668 c1124 c26 c1183 c517 c615 c664 c1094 c1205 c956 c608 c461 c1193 c760 c337 c708 c212 c1324 c4 c679
FormsNextv1
c135 c738 c1383 c183 c454 c111 c1316 c12 c641 c320 c740 c956 c1042 c121 c1079 c736 c1251 c708 c1081 c83 c1285 c999
DuoProv6
c421 c1345 c1055 c1281 c55 c1292 c657 c641 c1398 c121 c1048 c987 c44 c1237 c1128 c531 c515 c1456 c1308 c710 c737 c668
FinanceProv4
c874 c313 c587 c530 c76 c834 c845 c425 c215 c107 c44 c1124 c847 c1183 c738 c454 c899 c642 c271 c551 c663 c856
ClassroomProv8
c313 c1382 c316 c653 c660 c551 c144 c1384 c1232 c61 c1145 c179 c185 c1183 c1079 c529 c1042 c1083 c1244 c854 c1237 c538
CastOSXv2
c736 c962 c376 c608 c1205 c641 c551 c612 c1308 c44 c1079 c320 c537 c107 c653 c1316 c4 c135 c368 c882 c679 c531
SecureProv9
c1079 c107 c1042 c1321 c1399 c0 c26 c4 c12 c137 c1049 c313 c184 c899 c491 c1281 c169 c1130 c368 c121 c1170
PhotoNextv6
c1285 c738 c144 c963 c1183 c212 c76 c26 c641 c653 c454 c834 c1295 c675 c107 c1205 c1251 c1324 c1079 c856 c1456
CalendarProv8
c382 c956 c1205 c144 c737 c899 c949 c527 c533 c1383 c1324 c1237 c1081 c76 c425 c512 c343 c1321 c641 c799 c834
TravelProv9
c1349 c1324 c26 c1446 c135 c799 c641 c1308 c708 c999 c1194 c204 c107 c461 c1262 c1285 c856 c1094 c512 c44
TranslateXv6
c1358 c1446 c44 c461 c1345 c675 c526 c313 c1321 c107 c1183 c184 c660 c1295 c708 c854 c169 c882 c1456 c1193
GroupsUltrav2
c1232 c1446 c26 c212 c1183 c530 c1079 c670 c874 c1237 c563 c1205 c169 c845 c799 c1321 c1170 c491 c461 c1251
LoggingUltrav9
c1281 c313 c169 c26 c1079 c668 c847 c1049 c454 c808 c425 c1105 c1308 c1446 c1042 c1094 c615 c1237 c271 c1257
SecureLitev1
c1237 c1042 c1285 c179 c382 c920 c1138 c1198 c1169 c737 c642 c1456 c847 c960 c675 c44 c144 c999 c1321 c1194