958
LearnZv3
StepanK JenQ MaxO FionaH
DrawingsLitev6
MaxM PhilippI JenF TatiyanaM
SantaTrackerProv9
PrzemekV
TravelSv2
PrabhakarA PetarK JenL NellyC PrzemekC JenS MichalZ StefanP SundarV StepanG MaxA HiroshiT ThomasN ClementJ SergeyA PhilippO MichalY
SkyXv7
BenjaminJ
ChromeOSZv9
StepanG SundarL PhilippY ClementW
ScholarZv8
JenR LarryT StepanW SundarX StepanG PrzemekY JenL PetarG MatasS StepanC PrzemekC
FormsNextv1
BakhodirF FionaZ FionaZ
ChromeOSProv9
HiroshiQ ClementV RuthJ StepanD LarryT ThomasN
ClassroomXv9
LarryG StepanK
ChartsMaxv4
NellyC BenjaminG TatiyanaK HiroshiT BenjaminG MichalP PhilippY
BuildSv6
PetarH RuthJ StefanV ThomasL BenjaminN ThomasI PetarK MatasS TatiyanaI
AndroidProv7
RuthA StepanW LarryC StepanZ BakhodirG NellyD LarryD JenR
ChromeOSLitev2
MaxA RuthJ PhilippJ MichalM
SkyLitev2
FionaL
PatentsUltrav5
ThomasZ HiroshiL PrzemekF HiroshiR ThomasD StefanQ SusanH
SantaTrackerProv5
ClementJ FionaU
SheetsProv6
BakhodirQ FionaW FionaV BenjaminN NellyG BenjaminL
AssistantMaxv5
RuthP StefanK MichalF ClementJ PrzemekF MichalG SundarV
SlidesXv2
NellyC BenjaminN
YouTubeLitev2
RuthO MichalY MichalZ SergeyL HiroshiJ MatasP
ExploreNextv9
StepanZ HiroshiU RuthM BenjaminR BenjaminY BakhodirA FionaW NellyI HiroshiW PhilippT JenF TatiyanaB
StreetViewUltrav9
LarryG SusanH MatasT BakhodirO NellyV StepanU SusanY MaxE JenI
FlightsZv4
LarryZ PhilippK StefanU PrzemekC MichalY
KeepNextv7
TatiyanaK PetarH PetarF NellyG PetarW JenQ LarryD
AndroidXv3
HiroshiW HiroshiR PrabhakarM
SkyNextv9
RuthJ MichalZ StefanP NellyC TatiyanaI RuthP
WearOSMaxv3
NellyC TatiyanaG FionaZ HiroshiT PetarI SundarH FionaZ FionaH
DrawingsZv1
MaxW StepanJ StefanA PrzemekF RuthP
DuoMaxv6
ThomasN LarryJ PrabhakarE
YouTubeMaxv2
StefanY SergeyH RuthO ThomasL
FormsUltrav1
PetarF FionaA ThomasT HiroshiJ SundarA LarryZ HiroshiI PhilippY MaxF BakhodirP TatiyanaK
LearnUltrav4
SergeyG PetarK ThomasN JenF PhilippL FionaT HiroshiI BenjaminF MaxS PhilippY
FuchsiaProv4
FionaL FionaQ
SitesZv1
PhilippO NellyY BakhodirO MaxB SundarS PrabhakarE FionaV MatasK BenjaminV MaxB ClementW LarryT MichalQ MichalV ClementO
FormsNextv7
SusanG PetarQ PhilippY LarryI FionaV JenE
FormsProv5
ThomasO
ChromeLitev4
LarryU MichalY PrabhakarA
PixelUltrav1
ThomasQ SergeyJ BenjaminF SusanT TatiyanaB NellyD
AndroidAutoXv8
LarryD HiroshiL BakhodirO
DocsLitev8
LarryU TatiyanaB PetarW RuthF
NewsSv9
HiroshiD StefanV BenjaminN PrzemekM
ChartsSv5
MaxH MatasK PrzemekW SusanC FionaA PrzemekP
KeepUltrav1
SundarS TatiyanaO JenQ PhilippY
ScholarXv6
SundarD StefanK PrabhakarC LarryJ RuthB SundarA RuthF JenL MatasK BakhodirG JenR TatiyanaP
FormsLitev1
ThomasI TatiyanaK RuthA ThomasE MatasK MatasF MaxK HiroshiR
ChromeXv1
SundarX StefanT HiroshiL StefanT SergeyL MatasP PhilippE
DrawingsLitev2
MichalF PrzemekV ClementW
SkyZv9
SundarS FionaD NellyY SusanU ClementW SusanC NellyQ SergeyQ PetarH
SearchSv1
MichalY BenjaminL NellyD MaxK SundarX HiroshiQ BenjaminD PrzemekN FionaA
FlightsProv8
BenjaminL MichalW ClementO MichalV JenQ LarryG LarryJ PrzemekF SusanO ThomasO StefanH JenS
StreetViewXv9
ThomasN StefanX MaxH ThomasU NellyI
CastOSMaxv2
MatasK BakhodirB FionaI SergeyG StefanT
CurrentsProv2
StepanJ
AndroidAutoSv4
PetarQ MatasK
SitesSv7
HiroshiT SergeyL PhilippT HiroshiT PrabhakarB JenQ BenjaminD SergeyK PrzemekU SundarV LarryG MaxR BenjaminY SusanT JenS
ChromeOSNextv2
StefanU HiroshiD MaxE
KeepXv1
PrabhakarA
MarsXv4
MatasS
NewsXv5
SundarV PrzemekH
PixelProv2
LarryN JenR FionaH JenU PrzemekC MatasS SundarI MatasS BenjaminL SundarV PhilippK
CollectionsZv3
MatasR SusanD FionaZ PetarH StepanJ
GlassOSProv6
PrabhakarB PrzemekU HiroshiQ
ExploreZv7
StefanK PetarT MichalR HiroshiJ MichalZ BakhodirP
WearOSXv7
SusanT JenI JenL BenjaminF NellyI ThomasM ThomasU StepanU
MarsLitev4
BakhodirL FionaL MichalV SundarA StepanD
CalendarProv3
TatiyanaG TatiyanaB
PhoneSv6
SergeyY BenjaminD ThomasU SergeyG SergeyQ StefanZ
SheetsMaxv7
StepanK StepanZ FionaZ SergeyA JenF
AndroidUltrav5
MatasP JenS ThomasL SusanO MatasO
SecureUltrav8
MatasR LarryG BakhodirF PrzemekR ThomasQ SusanH PrabhakarL JenY PetarR
WebserverLitev5
NellyV MatasO StepanN MaxW BenjaminG SusanD SundarL BakhodirF PrzemekW MatasR LarryW NellyI MichalQ BakhodirT PetarQ PhilippJ HiroshiG
PhotoLitev4
SergeyQ HiroshiM MaxZ TatiyanaI SundarH NellyV SusanH BakhodirD
DatasetSearchXv2
MaxZ PrzemekM StefanA SundarX SusanD
MapsLitev1
BakhodirA TatiyanaK JenF
StorageProv9
JenL StefanT MatasR
AssistantSv9
JenR JenE BenjaminG SergeyJ
StreetViewUltrav2
FionaH BakhodirB ThomasK
DrawingsSv1
NellyG BakhodirP SundarB StefanK FionaK MichalP
NewsNextv1
RuthQ FionaL BenjaminF PrzemekP JenL MatasK TatiyanaB StefanZ MatasP SergeyY BenjaminG MaxB StepanC PetarF SergeyW StefanK ThomasQ BenjaminY MaxH PhilippV ClementI MaxS StefanQ
ShoppingUltrav9
FionaV JenQ RuthO
TranslateSv7
StepanW ThomasQ StefanT ClementX PrzemekR RuthO HiroshiD RuthM
DatasetSearchProv5
JenS PetarO
DriveXv7
NellyV RuthP LarryN RuthJ
CodeUltrav9
PetarH
DrawingsProv6
FionaI SusanC StepanN MaxH HiroshiD BakhodirB MichalQ ThomasE MaxH FionaK
TranslateNextv7
StefanP ThomasE StepanN MatasR TatiyanaK PhilippO
FlightsNextv4
BakhodirQ PrabhakarE
DatabaseSv8
FionaZ
ArtsNextv5
StepanD ClementJ TatiyanaG FionaA TatiyanaC TatiyanaB RuthO PetarO
AssistantNextv4
LarryS ClementW SergeyL
GlassOSUltrav3
LarryC RuthF JenI JenH
ArtsLitev1
SundarA PrzemekF
DataLitev2
MaxA
TranslateXv3
HiroshiJ LarryN NellyI
VoiceSv5
PrzemekF TatiyanaI ThomasN
WearOSZv4
LarryN JenQ SergeyH StepanZ PrabhakarL PetarK StefanK LarryT StepanU SusanT BakhodirO BakhodirO PhilippI
StreetViewMaxv7
PetarN NellyU StepanN ThomasK PrabhakarL RuthP JenL JenS MaxO ClementO NellyU
OsSv2
PhilippE TatiyanaX LarryN TatiyanaI SergeyL TatiyanaO
FuchsiaNextv4
SundarH PrabhakarL ClementI
GameUltrav5
StefanH FionaQ TatiyanaB MatasP PetarV LarryW MichalV PrzemekW PhilippT PhilippY StefanT TatiyanaC TatiyanaC PrzemekW HiroshiR StefanT FionaD
AndroidTVUltrav1
StepanM LarryT RuthJ BakhodirL MatasP TatiyanaK StefanA PetarA StefanQ TatiyanaO FionaT FionaQ MichalY BakhodirG PetarH SergeyG
SkyProv7
HiroshiJ RuthX BenjaminN FionaH BenjaminD JenS PhilippT JenS MatasY SundarH
StadiaNextv3
HiroshiW ClementW PrabhakarB RuthT BakhodirQ PetarJ MaxA BenjaminJ ThomasU JenH
StorageZv5
PhilippJ FionaV
FeedBurnerSv3
LarryT HiroshiQ RuthX LarryJ PhilippO SergeyG BakhodirA PhilippY HiroshiM PrzemekC SundarL BenjaminG PrabhakarA
FlightsXv1
LarryN LarryI BenjaminL LarryN SergeyQ BenjaminB MatasO PhilippI SusanP
DocsMaxv2
PhilippE PrabhakarE JenQ JenQ PrzemekR ThomasN
StreamNextv2
SundarW FionaZ BenjaminR
AndroidTVXv7
FionaI ThomasD BenjaminN PrabhakarA MaxA StefanT NellyU LarryJ TatiyanaG BenjaminD BenjaminN
MarsXv1
NellyC MaxB FionaU PhilippV PetarV LarryU
FormsProv9
SundarX HiroshiR RuthQ RuthQ ThomasD
LoggingMaxv3
BakhodirP JenS MatasF StepanN SusanH MaxS StefanK RuthP BakhodirP RuthO SundarA RuthO
DatasetSearchNextv1
TatiyanaG BenjaminY HiroshiR NellyU
SmartNextv2
NellyY TatiyanaA JenQ
BooksMaxv4
StepanW MichalV SundarD MaxE NellyM StefanY
SnapshotXv9
PhilippJ
FeedBurnerNextv8
HiroshiR PrzemekM JenR BakhodirP JenQ JenQ
PhotoNextv6
MaxS MichalR PetarA SundarS PrzemekU BakhodirG MaxH SundarX MaxA JenY MichalQ
CodeXv9
StepanK HiroshiM StepanW
AlertsProv6
SundarA TatiyanaG PrabhakarE NellyU TatiyanaO BakhodirF SundarX PrzemekR
AndroidTVNextv3
MichalW ClementV MaxZ FionaH PrzemekR FionaL TatiyanaO SusanH MaxF PhilippT
CollectionsNextv5
PrzemekC TatiyanaG PrzemekR RuthQ JenH PrzemekF StefanZ
WebserverNextv1
MaxE HiroshiM HiroshiL NellyY SergeyG
KeepXv7
StepanW HiroshiM StepanK
DriveLitev5
HiroshiW TatiyanaO MaxE
SecureNextv6
PetarW BakhodirD LarryZ SundarH RuthP ClementX PhilippY MaxA HiroshiU MaxA ClementW
DuoMaxv2
NellyU ClementV PrabhakarL LarryO NellyV BakhodirG SergeyL SergeyL
TranslateNextv5
BenjaminL StepanW StefanZ
StadiaUltrav1
SusanD MatasS FionaD PetarF HiroshiW FionaD RuthJ BakhodirM StepanR
LoggingNextv2
PhilippO MaxB
ConnectMaxv3
MatasS PrabhakarL SundarD SergeyK TatiyanaA MaxE TatiyanaC MichalQ FionaL HiroshiJ TatiyanaK PetarN PhilippI FionaV ClementO PrzemekC FionaD TatiyanaO StefanG PetarH MatasM
AndroidAutoProv8
LarryW RuthM ThomasM BenjaminR MichalG MatasR StefanK PrzemekC SusanU TatiyanaK ThomasN StefanY BenjaminL BakhodirA FionaQ
DataUltrav7
PhilippE BakhodirB PrzemekR
MarsLitev2
StefanY BakhodirF ClementX SusanH StepanK ThomasN BakhodirT LarryG StepanZ StepanW
DatasetSearchZv3
StefanG LarryS PhilippC RuthA StefanH BakhodirF PrzemekW SundarV LarryI MatasH PrabhakarM
YouTubeProv4
StepanJ StepanW FionaD ThomasE HiroshiT NellyM PrzemekC NellyQ StepanN SusanK MatasS RuthP JenQ SundarM
CultureNextv4
MaxB PrzemekF NellyM FionaK MaxA MatasO TatiyanaC MatasO RuthJ NellyQ HiroshiN TatiyanaK
PhoneSv9
PrabhakarB
FuchsiaMaxv4
SusanY PhilippO
TranslateSv6
LarryC PrzemekR SusanR RuthO StepanG ClementW
ScholarNextv3
LarryZ MaxH PhilippO BenjaminG SundarX PhilippY JenF SusanT BenjaminB
SantaTrackerXv4
PrabhakarN MaxF LarryN PetarI
AndroidAutoNextv5
StefanA NellyD SergeyR JenI
AndroidAutoZv3
PhilippE SergeyA SergeyY TatiyanaI StepanW BenjaminR SusanR SergeyJ MaxA SusanD
SkyNextv1
StepanD
DuoMaxv4
BakhodirP MichalZ SergeyQ FionaZ HiroshiT HiroshiQ ThomasT PhilippO StepanK StefanV MatasF RuthJ
PixelProv4
JenH PhilippV HiroshiQ TatiyanaO PhilippT
LearnProv1
SundarA FionaV BenjaminP PetarM HiroshiI
ReleaseSv6
SundarA PrabhakarA PetarH
SantaTrackerSv3
StefanP SusanU MatasT ThomasE PrabhakarB SusanH ClementO HiroshiI ClementI RuthX PrabhakarM
GameNextv4
ClementV ThomasZ
SitesSv9
LarryC StefanT PetarR RuthF LarryD BenjaminY SundarV StefanG
GameZv6
FionaI
FlightsProv1
NellyY TatiyanaI JenQ StefanV RuthO LarryZ
LoggingProv6
LarryJ MichalV ThomasD ThomasQ SundarA PrzemekR PrzemekH PetarW
WearOSZv5
LarryI BakhodirB PetarK LarryS SundarH NellyI BenjaminG SusanA HiroshiD TatiyanaB BakhodirF MaxZ BakhodirQ HiroshiJ LarryJ TatiyanaM ThomasI
StreetViewProv4
PetarH FionaL SusanH
ChromeOSProv4
JenS TatiyanaP FionaZ StefanA BenjaminF JenE LarryS HiroshiL BenjaminP SundarM
SitesMaxv3
MichalJ HiroshiD SergeyA PrzemekF
SitesZv7
PetarO BakhodirO ThomasU RuthA JenS SusanT NellyC TatiyanaG StepanK BakhodirD PrzemekN SusanU PhilippY PrzemekN MatasS
ResearchUltrav6
MichalR RuthT HiroshiQ ClementO BakhodirB SusanT ThomasI MatasK BenjaminY FionaT ThomasN ThomasL SundarA PhilippY MaxA SergeyK LarryS BakhodirD StefanP StefanZ
ChromecastSv9
JenL ClementO SundarA ThomasM ThomasL SusanP BakhodirB HiroshiQ ThomasI SundarX
AndroidTVSv4
SergeyX StefanH BenjaminL NellyY
ChatNextv7
NellyQ
FlightsSv1
JenQ
SantaTrackerNextv3
MichalG SergeyQ HiroshiQ TatiyanaK LarryO BakhodirG
NewsNextv5
LarryZ BenjaminJ FionaV HiroshiQ PrzemekP PetarH
FuchsiaLitev8
StepanZ HiroshiT TatiyanaG ThomasQ PrabhakarB RuthP BakhodirP MatasF BakhodirA SundarS
ChromeOSProv7
BakhodirD HiroshiQ
StorageZv6
ClementJ PrabhakarE RuthP
AlertsLitev3
MatasY SergeyX ClementV
MoonLitev2
BenjaminV BenjaminV
CastOSUltrav5
PrabhakarM BakhodirB PrabhakarL
GroupsLitev1
TatiyanaC
FeedBurnerUltrav4
ClementJ LarryR BakhodirP
CodeProv6
PhilippE SusanH PetarI MatasS StepanC TatiyanaU BakhodirD
OsXv5
HiroshiI ClementJ FionaA StefanK JenH SusanT NellyU LarryO
StreamMaxv1
HiroshiT NellyU NellyD TatiyanaU ClementA ClementW FionaT
KeepXv5
SusanY SergeyK MatasS ClementW StefanY TatiyanaO FionaI MichalV PhilippI
SitesSv3
PetarH MichalV PrzemekN HiroshiT MatasO LarryT RuthM StefanK TatiyanaC MichalQ SusanY MaxE SergeyJ LarryT ThomasD StepanJ BenjaminL
BloggerMaxv2
ThomasN BenjaminY FionaK PhilippT SusanO RuthM StepanW JenF LarryN MichalM ThomasL SundarA RuthM
TranslateZv1
FionaH JenR ThomasL RuthM BenjaminD SergeyK BenjaminR PhilippT BakhodirP LarryW StefanK StefanV
ImagesLitev4
BenjaminF RuthA
DreamProv7
ThomasO StefanV SergeyL TatiyanaI StefanY
ImagesXv2
StepanW ClementX NellyC BenjaminY SusanC BakhodirF TatiyanaB PrabhakarE TatiyanaI
DrawingsMaxv3
FionaK HiroshiQ StefanP BenjaminD RuthO PhilippO PrzemekM SusanA TatiyanaX MichalQ
DrawingsMaxv4
LarryU PrzemekY NellyU PrabhakarA FionaQ BakhodirD SusanU JenE PhilippY ThomasK MaxH PrzemekP RuthQ MaxA LarryD StefanA PetarK HiroshiJ HiroshiU
MoonProv4
SundarA MaxB LarryG SusanO LarryD FionaQ RuthB
FinanceUltrav1
PetarI SusanA FionaV NellyI StefanP HiroshiJ PetarM TatiyanaI
ChromeMaxv9
LarryW StepanN BenjaminN HiroshiJ StefanP
PhotoProv5
ThomasN
SnapshotMaxv9
FionaT HiroshiW PrabhakarL JenL SusanO JenS StefanZ
SkyUltrav2
SundarH JenR StepanN PhilippO PrzemekF HiroshiR PrabhakarA SundarH BenjaminL JenQ
AlertsUltrav5
BakhodirD PhilippO HiroshiT MichalJ PrzemekM ThomasM RuthO BenjaminG SergeyQ TatiyanaK
FeedBurnerNextv9
BenjaminD
CultureXv9
RuthX StefanA HiroshiG RuthF LarryG
StadiaLitev1
PhilippI PetarH
MapsLitev3
PhilippY PetarK ClementO PhilippI JenI BenjaminF MichalJ NellyV PetarA ThomasO PrzemekV
AssistantLitev4
LarryZ MichalQ MichalV SusanT ThomasZ LarryY
ImagesNextv6
SundarX HiroshiI FionaU TatiyanaJ HiroshiT
PatentsMaxv2
PhilippO NellyU MatasR MatasP TatiyanaO RuthJ MichalV BakhodirG ThomasE LarryC
SlidesZv9
MaxO BenjaminR MichalV SusanR PrzemekM StefanK
CalendarNextv7
RuthJ ThomasC PetarI FionaQ NellyD JenQ PhilippE PhilippJ TatiyanaJ LarryN MaxB PrabhakarE TatiyanaG StefanZ StefanZ PhilippY PetarG PrzemekM RuthP
TravelProv6
PhilippJ
CastOSXv1
FionaA PetarA MatasK BenjaminP LarryG SusanK BakhodirL JenH
ClassroomNextv9
StefanT SusanY SusanK PetarH
ScholarNextv5
HiroshiW SundarL PetarA BenjaminL NellyV StepanU BakhodirP SundarH JenQ PetarR
MarsMaxv4
RuthJ
WearOSXv5
SusanT StepanD StepanW PhilippL SundarX PrabhakarB ThomasO PetarN MichalQ FionaZ PrzemekR LarryW
StorageSv4
JenF BenjaminY LarryS JenR JenQ LarryI NellyU
PixelZv4
MichalV NellyI NellyQ MichalZ PetarV
CalendarUltrav8
SundarB SundarB PetarI ThomasI PhilippY PhilippV RuthJ
LearnSv3
RuthX HiroshiL ClementX HiroshiL JenY SergeyL MichalJ BakhodirT
SitesMaxv1
FionaH StefanT
CalendarZv8
StefanZ PrabhakarB SundarH ClementW LarryC ThomasL PrabhakarB SergeyJ FionaT PhilippO
ArtsXv5
LarryI StepanC MatasS ThomasQ StepanG SusanA MichalY StepanS HiroshiL MatasS
StreetViewXv2
StepanJ PrzemekF PetarM
CodeNextv4
FionaW NellyG MichalY
PatentsProv4
LarryS PetarI JenY SundarX BakhodirL MichalW SusanY NellyI
FeedBurnerMaxv3
HiroshiQ FionaA LarryN StefanT JenS PhilippY NellyC MaxA HiroshiD PrzemekR TatiyanaX
GroupsSv3
BenjaminG PrzemekW HiroshiT ThomasE SusanC
CalendarXv3
HiroshiN BenjaminG PetarI FionaZ PetarM MichalW HiroshiW TatiyanaG SusanT TatiyanaJ PetarK NellyW PetarO MaxB
SantaTrackerLitev6
PetarJ BakhodirA SusanR LarryS
DocsUltrav2
BakhodirB NellyM ClementA NellyW PrzemekM PrabhakarM FionaA JenL
GroupsZv8
BakhodirL PetarI TatiyanaC MichalV ThomasE
PatentsMaxv7
ClementI PetarA RuthX HiroshiR PrabhakarM
PhoneZv2
MaxE LarryN
ChromeUltrav2
BakhodirA StepanN StefanZ StefanA LarryD LarryZ SusanD StepanS
YouTubeXv5
HiroshiL
DatasetSearchLitev6
PrzemekP MaxA BenjaminJ ClementJ TatiyanaC SundarI PhilippK PetarN HiroshiM
AndroidTVLitev7
StepanJ LarryO JenE TatiyanaZ MatasH NellyM BakhodirM PrzemekM StefanA
LearnNextv8
ThomasE MatasY StepanK BenjaminL PetarM FionaU PhilippY NellyU JenF NellyD SusanR LarryD SergeyX FionaK
YouTubeMaxv6
PrzemekC MichalZ JenL ThomasC TatiyanaA MatasK TatiyanaO RuthM BakhodirQ SundarD
FormsNextv6
PrabhakarL RuthA MaxK MaxB HiroshiL PetarH StefanV ThomasL
PhoneMaxv8
ClementO ClementV PrzemekC SundarV
StreamNextv3
JenS FionaD StepanR MatasR LarryN BenjaminV
ScholarLitev9
StepanW MichalW FionaK StefanQ MatasY
YouTubeUltrav8
LarryU BenjaminF SergeyK PrabhakarA MatasO FionaZ PhilippO
SearchUltrav6
FionaI
VideoXv7
PetarN BakhodirB BenjaminG
ReleaseProv3
SusanT HiroshiL JenF HiroshiD ThomasM LarryI LarryU LarryJ LarryC SergeyQ SusanH BenjaminD PhilippY MichalY
DataLitev6
HiroshiN RuthF MichalZ MaxS HiroshiR PhilippK PrabhakarB PetarO
ChromeNextv2
ThomasD SergeyJ MatasH MaxW
MoonXv7
BakhodirO SundarA MatasK StepanJ NellyV BakhodirB
StreetViewMaxv8
PetarA
YouTubeProv8
MaxE ClementO RuthP ThomasC MichalV PetarW PrzemekP MatasO SundarV JenI StepanK NellyD TatiyanaM
AlertsNextv9
PrabhakarL HiroshiT NellyD
CollectionsProv5
HiroshiT SundarD MaxE
SmartNextv7
BenjaminN MaxK StepanZ HiroshiQ JenI BakhodirT
GameMaxv9
PrzemekC FionaK PhilippI
FormsXv8
MatasS JenL LarryY PetarQ JenH SusanU
KeepSv9
StefanU
WearOSSv4
LarryO RuthP RuthO SusanO PetarR JenR MaxE ClementJ StefanH HiroshiL PrabhakarA NellyV FionaD PetarM MatasS MaxW MatasK PrzemekM
KeepSv6
LarryO TatiyanaI HiroshiQ PetarH HiroshiJ
ChromecastSv3
SundarB PhilippY PetarM StefanX SergeyL TatiyanaB PetarN PrabhakarL
DrawingsSv6
PrzemekU ClementQ HiroshiL LarryR MatasT StepanP
TravelSv4
MaxA HiroshiD JenF NellyI
CodeProv1
ClementJ BenjaminN StepanC
FormsMaxv9
ThomasQ PetarA LarryS TatiyanaK SusanH SergeyQ StepanD
BuildXv6
PhilippO PrabhakarB BenjaminG MatasF StefanY NellyC MichalV LarryS TatiyanaI NellyV SundarA
ResearchProv3
SusanH HiroshiJ ThomasI HiroshiW
VideoUltrav8
HiroshiI LarryC SundarH
GameNextv9
LarryN HiroshiN SundarH TatiyanaI StefanT LarryD ThomasN JenQ HiroshiJ ThomasO MichalR PhilippL HiroshiD JenY PrzemekC
MeetXv8
FionaT SusanT StepanN HiroshiR NellyV RuthJ NellyQ
ClassroomXv1
FionaL SundarX SusanY
GmailUltrav2
BenjaminF PetarI PhilippJ ClementV
YouTubeUltrav4
PetarF
WebserverProv7
MatasF
TranslateSv2
SundarA PrzemekY JenU SundarW
CollectionsXv2
RuthJ BenjaminF BakhodirD StefanU PetarJ PetarM BenjaminR StepanP PrabhakarC
GmailSv5
BenjaminR LarryR LarryN ThomasT FionaA BenjaminD SundarV
SkySv6
StepanJ PrzemekP ClementQ ThomasZ SundarA
VideoZv8
JenH LarryZ
DataMaxv1
StepanJ PrzemekC FionaQ ClementQ StefanP
ImagesNextv7
StefanY LarryS StepanZ
ChromeOSLitev5
TatiyanaO RuthJ BenjaminJ
StadiaXv3
PrzemekC StepanW MatasY SundarB SergeyK SusanC PetarI MichalZ JenF JenQ
ConnectSv3
StefanQ StefanP NellyC PetarO PrabhakarA
AssistantNextv5
PrabhakarE MatasO PrzemekC MaxB PetarN LarryJ FionaA MichalQ StepanW MaxW PetarA PetarN HiroshiB FionaT FionaK BakhodirL SundarM BenjaminY SergeyH
GroupsUltrav2
NellyW
VideoNextv8
PrabhakarL HiroshiQ SusanR NellyY ClementI
YouTubeUltrav6
BakhodirL BenjaminP HiroshiU RuthB StepanP
AndroidMaxv3
RuthA ThomasM BakhodirP TatiyanaA
GroupsProv5
MatasS PetarT NellyU ThomasN MichalY
ChartsMaxv7
StepanC ClementO JenL JenF ClementW StepanN FionaD PetarA
CastOSUltrav4
JenE ClementV StefanU RuthT PetarO BenjaminB NellyV
NewsMaxv7
StefanT BenjaminG StepanW RuthX ThomasM SergeyL MichalR HiroshiJ StepanK LarryZ LarryD LarryO
SkyLitev3
NellyD StefanG RuthO PrabhakarA LarryU
YouTubeNextv1
BakhodirG TatiyanaU SusanU RuthB PetarA TatiyanaK StepanU SergeyL HiroshiD HiroshiQ
PixelMaxv7
ThomasZ RuthP MatasP MichalR
KeepXv9
LarryN HiroshiT FionaZ BenjaminL HiroshiR BakhodirO
DuoProv5
PrzemekP MaxE BenjaminF
AndroidTVZv4
HiroshiQ JenS MatasO
VoiceProv9
ThomasL PetarH BakhodirL PrzemekC
DaydreamUltrav4
HiroshiD BakhodirO PetarK StepanW MichalG RuthQ HiroshiL RuthJ LarryW FionaT StepanN
GmailXv6
NellyD RuthO LarryN
ArtsLitev2
StefanP StepanW LarryR LarryG
ChromeZv5
RuthX SergeyL
SearchUltrav1
StefanX MaxE LarryY SergeyJ TatiyanaI TatiyanaJ TatiyanaI StepanK TatiyanaC MaxA TatiyanaO JenI
KeepXv4
MaxB NellyD
PhoneXv5
BenjaminD PrabhakarE TatiyanaT StefanP ThomasD BakhodirP MaxA
ExploreSv3
PrabhakarE PetarV JenL MaxZ BenjaminP
ResearchLitev3
StefanQ RuthX JenQ BenjaminD PetarM MaxH MichalY BenjaminY BenjaminB MaxK MaxK ThomasM FionaV
ArtsLitev8
NellyW TatiyanaI LarryT PetarA SusanO
AssistantProv8
PhilippK MaxW NellyV MatasK PhilippI
ReleaseMaxv2
PrabhakarL NellyD SundarD TatiyanaT HiroshiT FionaT RuthT SergeyY
LearnUltrav6
ClementJ
FinanceXv8
MatasF LarryO PetarQ ThomasK ThomasN BenjaminB JenF MaxB BakhodirQ BenjaminJ LarryO PrzemekF
CultureZv3
TatiyanaK PhilippL NellyD StepanW
PhoneLitev4
MatasF RuthX StefanK HiroshiQ BakhodirA
AndroidTVMaxv1
LarryC NellyY MaxA JenE RuthJ SergeyW PhilippK FionaL SusanD ThomasE PhilippV BenjaminG ThomasE PhilippT SergeyW MaxM
NewsProv6
BakhodirB JenS ThomasM HiroshiN PrzemekP
LoggingProv1
TatiyanaK PetarO SundarA StefanV StefanX RuthP PhilippE
GroupsLitev5
MaxA SergeyH SergeyY PhilippI ThomasD TatiyanaK LarryI BenjaminB
VideoProv2
HiroshiT SundarD
DatabaseLitev8
SundarA SundarS FionaQ RuthX BakhodirA ClementV FionaD
PhotoLitev1
TatiyanaG SundarA NellyD SundarD LarryD SusanR TatiyanaO PetarO MaxA JenC PrabhakarC FionaA
DatabaseXv8
PhilippC MaxB FionaA SundarS JenF BenjaminR BakhodirO BenjaminF FionaA FionaA JenS LarryJ
CastOSXv2
PetarV HiroshiT PetarF PetarH ThomasM
ConnectLitev4
MatasR ThomasN PetarQ RuthP MatasY PhilippY ThomasD
DaydreamProv6
PhilippT ClementI MaxE StefanV HiroshiR StefanY
WebserverLitev8
RuthA ThomasM PrabhakarA
CurrentsXv1
BakhodirF
VoiceLitev2
MaxK TatiyanaT SusanK
SkyNextv2
MichalV StefanQ MatasY StepanM PetarN HiroshiD
ShortsNextv3
ClementO BakhodirT PetarA SusanY StepanW StepanM BenjaminG TatiyanaB HiroshiT RuthX
PhoneSv4
PrzemekU SusanC HiroshiT SusanD SusanO JenQ JenS StefanP PetarI LarryG JenS LarryU BenjaminL MaxO
FuchsiaMaxv3
MichalY
WearOSUltrav7
TatiyanaO ThomasU SundarB MichalV NellyU
ImagesXv7
JenS SusanU PetarQ
ConnectProv2
SusanT
ResearchSv4
LarryR BenjaminD BenjaminF RuthQ SergeyJ RuthM
SitesUltrav1
LarryS SundarM ClementX PhilippJ PetarV MatasR StepanG JenQ LarryG
ChromecastSv1
FionaH
ShortsNextv2
HiroshiT MatasK SergeyJ LarryD HiroshiI TatiyanaM TatiyanaI LarryU PhilippJ BenjaminY JenS PetarW ClementA MatasS TatiyanaT BenjaminB
ChromecastUltrav6
NellyM BenjaminN JenQ
VoiceSv8
NellyW PetarM SundarH SusanH PrzemekR ClementI PrabhakarL
AlertsLitev1
StefanQ ClementA NellyG FionaQ RuthO PrzemekC MatasK HiroshiR PetarH MaxH MatasP LarryU SusanP
PhotoLitev2
RuthP ThomasQ
DaydreamXv9
JenS LarryT MatasP JenL SusanY MatasT NellyC SergeyW NellyY BakhodirB
FormsSv5
PhilippO BenjaminN MaxF
ChromecastNextv8
SusanP JenS PrabhakarB PetarK MaxZ
StreamMaxv8
TatiyanaM StepanN StepanR
TravelUltrav9
PetarN PhilippL HiroshiL MichalY PrzemekF TatiyanaB
LoggingMaxv9
MatasS MaxO JenH ThomasT BakhodirD
CultureMaxv8
NellyW StefanQ StefanT PetarH PrabhakarM StepanJ
ChromecastMaxv5
BakhodirO SundarX JenQ
ShortsSv2
SusanO SundarB StefanY LarryW
PatentsXv7
StefanY SusanA FionaD MaxE SundarS JenQ
DriveNextv4
SusanT StefanH
ChromeSv6
ThomasK HiroshiL BenjaminF
DaydreamMaxv4
ThomasQ
MapsMaxv2
StefanK RuthJ ThomasL NellyD ThomasN TatiyanaT
DreamNextv8
PhilippL
SitesLitev2
PetarM SusanT PetarV SusanH PetarV PetarM BakhodirF FionaV
AndroidTVSv8
ThomasN ThomasQ SundarV SusanK MichalG SusanC SundarV MichalV PhilippJ BenjaminR TatiyanaI PrzemekH
SearchUltrav8
SergeyG PhilippI HiroshiL
DriveZv4
PetarR
GameZv2
MatasK ThomasN NellyM PetarW HiroshiR
StorageProv3
SundarA BakhodirA PrzemekW MaxZ PhilippO FionaL NellyC
PhoneSv1
SusanC JenF
SmartXv9
JenS
SitesLitev7
LarryY StepanN PetarJ MichalZ BakhodirG StefanY SundarH JenL SusanC BakhodirD
ReleaseNextv2
SusanU PetarN SergeyL PhilippE FionaA MichalV RuthO JenS
AndroidAutoProv3
BakhodirQ JenU HiroshiM PrzemekN MichalJ ClementX PrzemekY StefanK SusanT PrabhakarL
BloggerProv2
ThomasD
DataNextv9
ClementO SergeyR HiroshiI JenE PrzemekM FionaZ JenF StepanK PrzemekH BenjaminR LarryZ TatiyanaI NellyU SergeyA PrzemekW HiroshiD PetarV BenjaminY SergeyQ SergeyK LarryD TatiyanaX PhilippC JenS ThomasI
DuoXv6
TatiyanaT BenjaminB MichalY RuthP
TravelUltrav3
PetarR JenE
AssistantMaxv6
MichalG LarryU StefanK JenQ
MoonXv3
SergeyY PetarM
ResearchUltrav3
BenjaminD LarryU PrzemekR BenjaminF ClementI FionaQ
GameProv9
HiroshiR BenjaminL PetarA MaxB BenjaminF PetarV
LoggingMaxv6
TatiyanaC HiroshiR HiroshiT TatiyanaZ JenR LarryD StepanM ThomasI SundarH TatiyanaB FionaD ThomasL RuthF HiroshiL TatiyanaB
BooksProv6
MichalW ThomasI HiroshiJ
DreamSv6
PetarA StefanK PrzemekM
SearchMaxv5
StefanH MatasO NellyI PrzemekM LarryJ PrabhakarN MaxW HiroshiR ClementX ClementV SusanO MichalY SergeyQ
OsXv3
NellyD LarryG ThomasN MatasY ThomasC SergeyJ
AndroidAutoProv4
NellyQ PhilippY TatiyanaK PetarM MaxR RuthB
VoiceLitev4
StefanQ PrzemekM ThomasR MatasK SundarA PetarN MichalV PetarM StefanV LarryS
WearOSUltrav2
ClementO ClementO MaxS PrzemekW HiroshiR ClementV TatiyanaG SusanO ThomasD StepanD
MeetLitev6
PhilippO StepanK HiroshiW StepanD ClementO HiroshiI SundarI
BuildUltrav5
NellyI MichalQ ThomasE SergeyR BenjaminG BenjaminG RuthJ BenjaminY SundarS LarryS MichalY LarryZ FionaH
BloggerXv8
SusanD MichalV SusanH ThomasU SusanR
FormsZv3
MichalR SundarD HiroshiM MaxA
CodeXv4
ClementJ MatasO SergeyL ClementV BakhodirG
DaydreamZv9
SusanO RuthF StepanW RuthP
WearOSProv3
BenjaminP MatasS BakhodirL LarryJ FionaZ StefanA NellyG SusanP LarryC SergeyG MatasK
ChatZv3
FionaH NellyQ PetarH SusanO ClementX PrzemekU ClementX SundarX MichalY
KeepSv3
NellyD PrzemekP
MarsZv3
FionaU LarryI LarryN ThomasI NellyM PrabhakarC
CastOSXv6
ThomasE HiroshiR PrzemekC StepanW BakhodirF StepanJ BakhodirM PetarM LarryD FionaL FionaK HiroshiR TatiyanaX PhilippO MichalY
SnapshotProv6
SergeyL StepanN PhilippK SusanR LarryI HiroshiI
SearchZv8
MaxM BenjaminG ThomasI HiroshiI MatasO NellyV StepanW MatasT FionaZ MaxZ TatiyanaA
CalendarUltrav1
HiroshiW LarryK SergeyL HiroshiJ
SecureSv5
SergeyQ MatasY
AndroidAutoXv4
RuthP JenL ThomasZ PrzemekF StepanW LarryT HiroshiI
DocsProv3
RuthT PrabhakarB MatasP HiroshiT RuthP
ScholarSv9
ThomasD ClementX BakhodirM MaxB SergeyJ StefanU PrzemekU ThomasN SusanK FionaZ
ImagesProv7
TatiyanaC PrzemekC ThomasZ LarryJ NellyY TatiyanaI
ChatMaxv5
BakhodirO
ReleaseXv3
NellyC
AndroidTVUltrav6
ClementX SusanC HiroshiR SusanK SundarL FionaK JenR BakhodirP SusanC
NewsXv4
RuthJ StefanG BakhodirG ClementN ThomasZ
ChromecastZv6
MichalY BenjaminV MichalR
GameNextv5
PrzemekW NellyY LarryO StefanT BenjaminL
WearOSZv2
MatasO
DreamNextv1
PrabhakarL PetarK
GroupsZv7
JenF MatasY BenjaminF PhilippE StefanK
SecureXv5
NellyD MichalZ MaxH SergeyL PrzemekF MaxS
GlassOSLitev5
SergeyL PrzemekH SergeyG MichalV MaxH SergeyG MaxK
CastOSMaxv1
ClementX BakhodirB SundarH MatasK PrabhakarB
LoggingXv4
SergeyJ BakhodirF MaxK
StreetViewNextv1
SusanY MaxK MichalJ NellyD
ChromecastLitev2
StepanS PrzemekV SusanY MaxF MichalR FionaK
VoiceNextv2
PhilippO LarryS TatiyanaA
DaydreamSv8
StepanP PhilippO PhilippV TatiyanaT
FeedBurnerUltrav3
StefanT LarryG BenjaminJ PrzemekR SundarX TatiyanaO
VideoLitev6
PetarQ
CollectionsLitev5
LarryN TatiyanaI ThomasT SundarA TatiyanaM FionaL ClementX NellyY RuthJ SusanR FionaV
WearOSXv1
PetarH StefanY PetarH PhilippO RuthO ThomasK BenjaminL MaxE SusanY
SlidesUltrav5
ThomasZ PetarT LarryT SusanO BakhodirF PrabhakarA
FuchsiaNextv7
RuthB HiroshiW NellyV RuthJ
AlertsProv3
HiroshiG
ExploreZv9
LarryZ ThomasN JenC
DriveUltrav8
ThomasU LarryZ StepanN PrabhakarQ PhilippI SundarA MichalZ MaxA NellyD LarryI
PatentsSv9
StefanK BakhodirQ LarryT MichalZ ClementX ClementO PrzemekM
AndroidAutoProv5
BenjaminY
FinanceNextv8
MaxS SergeyA TatiyanaG ClementV BakhodirQ MatasK StefanG PhilippK
LoggingUltrav7
MaxZ StepanJ NellyM MatasS
StorageUltrav8
RuthP ThomasU RuthO LarryG BenjaminD RuthM PrabhakarB TatiyanaK LarryS ThomasE PhilippL JenH TatiyanaB StepanW LarryN LarryR LarryU
PatentsProv2
StefanK
MoonZv8
PrabhakarB PhilippT BakhodirA ThomasE ThomasQ
ClassroomSv1
FionaZ MichalQ HiroshiJ
PhotoZv5
BakhodirA PetarF LarryU NellyU NellyI JenQ HiroshiR
ChatUltrav5
RuthA SusanP SundarX FionaZ SusanT
ChromeOSMaxv5
BakhodirF RuthX FionaV NellyU LarryS BenjaminN PhilippY
MapsProv2
StepanK SundarV StepanJ PrzemekC BakhodirO StepanP TatiyanaT BakhodirL
ReleaseXv9
MatasO StepanW RuthP RuthX ThomasR ClementJ MaxB PhilippI StefanT SergeyG MaxZ
FinanceXv9
StepanZ HiroshiR BakhodirP FionaK PrzemekH RuthO MaxB BakhodirD SundarD HiroshiL BenjaminF TatiyanaK PetarQ MatasR
WearOSNextv4
StefanG PetarW StefanK SergeyJ SusanR
FinanceNextv9
BenjaminG ClementI BakhodirQ StefanT PhilippY PetarN ThomasL ThomasL LarryG NellyY
SearchProv1
MatasO JenS PetarO
FlightsLitev6
BenjaminD SundarB StefanT MatasO
WebserverMaxv1
MatasS HiroshiI ClementV StefanU FionaV
SnapshotNextv4
BakhodirB StepanG
AlertsLitev9
SusanO PetarA StepanN StepanW LarryJ TatiyanaB NellyU TatiyanaI SusanT StefanK SusanC TatiyanaC BakhodirL ClementO PhilippC
ChatSv6
MaxO SundarB StepanD
VoiceLitev9
MatasM RuthO FionaZ StefanH StepanX PhilippY RuthF TatiyanaI HiroshiT PrzemekF NellyG HiroshiQ RuthM PhilippY
CultureXv7
PetarO
AndroidTVZv9
NellyU PrzemekP SundarJ JenI JenQ BakhodirB TatiyanaO StefanX FionaL
TravelZv6
ThomasL PetarA LarryI NellyC PrzemekF
StreamProv9
SundarB PhilippY MaxH NellyC
MarsUltrav4
PhilippY SergeyA TatiyanaT BenjaminY TatiyanaT TatiyanaC StepanU MichalQ PhilippE LarryG ClementV MichalF SusanC BakhodirB PetarA ClementX RuthP
StreetViewUltrav5
PhilippI JenQ
NewsSv8
PetarH PrabhakarB TatiyanaI ThomasE LarryU FionaK RuthB PrzemekU MichalY JenF
DaydreamSv3
JenR SergeyJ HiroshiT PrzemekR JenS MatasK PrzemekC
CalendarXv2
HiroshiW MatasT MatasY BenjaminY StefanK NellyU StepanW MichalY ThomasO
TravelXv4
PetarA HiroshiT
ShortsXv7
PhilippO SergeyA JenS HiroshiQ ThomasC LarryR
MoonSv2
JenE StepanP LarryD JenS RuthP SergeyK
DuoMaxv1
BenjaminL MaxF BenjaminG TatiyanaT LarryD ClementV NellyD MatasY SergeyR
DatabaseSv9
PrabhakarL BenjaminG MichalM
ShortsSv8
PhilippC PrabhakarB SusanC BenjaminV ThomasE RuthF NellyI ThomasD
NewsMaxv1
TatiyanaT
SkyMaxv8
SundarS PetarV BakhodirQ NellyV
DatasetSearchProv2
PhilippE SundarL HiroshiM PrzemekV HiroshiM PrabhakarL LarryW ClementX LarryZ LarryS ClementO
SantaTrackerNextv1
PrabhakarB ClementJ RuthP PetarN PhilippO FionaK MatasS RuthQ MaxZ
DreamSv5
TatiyanaT SusanH NellyW PrzemekC StepanK
CalendarLitev5
ThomasN TatiyanaO PrabhakarB BakhodirA
VoiceLitev7
ThomasO JenQ MaxE
SnapshotMaxv2
MaxH PetarM MaxH HiroshiM ThomasK FionaT StepanP PhilippC FionaU StefanZ PrabhakarE SundarH JenF MichalQ BakhodirG
SheetsZv4
RuthF SergeyR
DaydreamLitev9
PrzemekM PrabhakarN StepanN HiroshiT FionaL LarryD PhilippJ BakhodirP HiroshiL BakhodirA ThomasM
YouTubeUltrav7
SusanR
DatasetSearchMaxv2
RuthO MaxE BakhodirP LarryI LarryT PhilippL BenjaminR SusanT RuthQ PetarW PhilippL JenL
ScholarZv1
SusanR MichalQ PrzemekP LarryU
ChromecastXv7
BenjaminL RuthP MaxW StepanK MatasS MaxA RuthM PrabhakarC FionaU PrzemekC ClementO TatiyanaB
FuchsiaZv7
ThomasQ SundarI MatasS StepanR PrabhakarL PhilippV StepanW SergeyJ RuthP PrzemekM
BooksLitev3
TatiyanaK
DocsLitev6
BakhodirL TatiyanaC RuthT LarryU MichalR RuthF SundarL SergeyY HiroshiL
CultureXv6
TatiyanaC RuthO PrabhakarA BakhodirT BenjaminD TatiyanaI FionaK HiroshiM JenF BakhodirQ
VoiceNextv8
RuthQ SundarX PrabhakarA ThomasM SusanU FionaT BakhodirB
CodeLitev4
SundarM LarryD PetarH PetarO NellyG PhilippO HiroshiT StepanK ThomasZ PrabhakarA BenjaminG BakhodirA MichalP MatasR MatasO
MoonProv6
RuthO
GameProv6
SundarH MatasR ThomasT FionaV FionaV TatiyanaT FionaA
ConnectXv4
SusanC StefanU
DatasetSearchUltrav3
StefanY StepanU
DaydreamXv7
TatiyanaI SusanR SusanG LarryC
DreamNextv4
ThomasN JenR HiroshiI JenS SergeyL PetarK RuthB ThomasU PrabhakarL NellyC FionaQ StefanY SusanH
SnapshotSv9
NellyU StepanK StefanG MichalV ClementX
MapsUltrav4
LarryJ FionaQ MichalV HiroshiT MichalY TatiyanaK PhilippO BenjaminD StepanG MatasP StefanK MichalQ NellyC ThomasQ FionaZ PrabhakarB
DataMaxv3
RuthP FionaA FionaI ClementV PrzemekH JenU ClementJ
OsProv9
MatasF StepanZ LarryZ NellyV SundarA FionaK MaxR BenjaminB PrabhakarL SundarB
AndroidXv8
SusanR PrabhakarB SusanD
DocsLitev7
LarryN StepanD
ConnectNextv7
SusanU
NewsProv4
MichalZ NellyU SusanD StefanY FionaZ PetarA PetarA ThomasO NellyG PrabhakarC
FeedBurnerNextv2
LarryU
ChromeOSXv4
NellyD JenQ BakhodirO SergeyQ SusanK PetarN HiroshiI HiroshiR NellyD ThomasT BenjaminL PhilippO
MapsXv7
SusanT TatiyanaC
VoiceMaxv8
PetarV TatiyanaP StepanG StepanN HiroshiU JenQ
CastOSZv5
RuthO LarryK PetarI PrzemekP BakhodirQ PetarH StefanY PrzemekH LarryJ
DreamMaxv8
StepanD MatasY RuthM BakhodirA PetarR
SkyLitev8
MatasK BenjaminD RuthO SusanT HiroshiD LarryJ PhilippT ThomasZ MichalZ PrzemekU MaxH FionaA JenU HiroshiT MatasR StefanH FionaD PrzemekC BenjaminB TatiyanaT FionaK
YouTubeNextv4
PetarN RuthP LarryW PrzemekU
DuoZv1
TatiyanaX ThomasE BakhodirA LarryN RuthQ BenjaminN PrzemekM TatiyanaB
StadiaProv6
HiroshiD NellyQ LarryU ThomasI HiroshiJ StepanU PrzemekU StepanZ
GameSv1
HiroshiT HiroshiJ
StorageXv7
StefanZ NellyU MatasK PrzemekR ThomasL
ChartsLitev2
MatasP ClementI TatiyanaT ThomasI
CurrentsMaxv1
PetarI SundarI PetarO HiroshiG FionaA SergeyH
SitesUltrav2
LarryJ PhilippI
PixelSv6
ThomasN SundarM
KeepLitev7
BakhodirT SusanC PhilippC ClementX NellyD PrzemekM PhilippE PrabhakarA StefanY BakhodirP
ClassroomSv4
StepanW StefanX BenjaminB SundarA PhilippT PetarF ThomasZ
CultureSv7
BakhodirT LarryC MatasR ThomasE SusanR BakhodirO StefanZ LarryC PetarM PrzemekF ThomasN LarryC TatiyanaI TatiyanaT BakhodirM SundarL SusanT SergeyJ ClementW TatiyanaO
KeepProv8
FionaH MichalZ StefanH BenjaminG LarryN BenjaminL StefanH
StorageProv6
TatiyanaK StepanN PhilippO MaxZ
ScholarNextv9
SundarD LarryS BakhodirB StepanZ SergeyJ NellyQ SusanP FionaZ SusanT
StreetViewSv4
RuthQ MaxH MichalZ
AlertsMaxv1
HiroshiW FionaZ PhilippI RuthJ
AndroidZv7
SundarM MaxE NellyW RuthX SundarD SundarI LarryZ PrzemekR HiroshiU StefanY FionaA
DaydreamLitev3
JenF PetarH NellyM ClementO HiroshiD StepanD
PixelProv1
MatasF
AlertsMaxv6
FionaD SundarW
AndroidLitev8
LarryG StepanP RuthJ MichalY HiroshiU StepanD MichalV LarryD MichalY LarryN
StadiaZv2
HiroshiB ThomasN HiroshiD ClementX BakhodirG PetarK StepanW TatiyanaU
PatentsNextv4
TatiyanaG
ChartsSv3
PetarI FionaT ThomasN StefanT JenI PetarH NellyD SundarH BakhodirG ThomasL TatiyanaA TatiyanaK
SitesLitev9
JenL SundarM FionaU RuthF BenjaminF HiroshiJ
WearOSXv6
PhilippY SusanC SergeyH BakhodirP
DreamXv8
MichalM
GroupsZv6
MaxB ClementI MaxB BakhodirF SundarJ MatasF
SecureUltrav1
PhilippL StepanK StepanG JenQ FionaW SusanO ClementO StepanN PhilippK SergeyQ MatasF PetarH PetarI
StorageNextv1
PhilippE StefanP LarryS LarryU SusanT PetarK ThomasT BakhodirL LarryS
CollectionsUltrav5
MichalY PrabhakarM PrabhakarM BakhodirA
NewsUltrav9
JenS RuthX JenS TatiyanaI BenjaminN SundarX PhilippO StepanG LarryS PrabhakarM BenjaminD
SnapshotZv6
PrzemekM SusanU RuthF SergeyQ PhilippV NellyC FionaL PhilippO
ArtsProv8
BakhodirD SergeyY MaxA BakhodirL PhilippE StepanM TatiyanaM BakhodirD SusanU RuthJ SundarA MatasS ClementW LarryD BenjaminV NellyY PetarW HiroshiG
SlidesSv9
LarryO LarryZ
DriveMaxv1
SundarJ
WearOSUltrav1
MatasK SundarA StefanT SundarA StepanK PetarF StefanH SusanR JenE
YouTubeNextv7
SergeyQ ThomasI ClementV StepanD NellyU MichalQ SundarI
CultureXv2
StepanJ NellyU RuthP
ChatLitev6
NellyV MaxM NellyD ClementI ThomasO StefanH ThomasE PrabhakarB PetarJ SusanY StepanK LarryC
ChromeMaxv8
RuthJ StefanG HiroshiI TatiyanaK MatasO
ShortsProv4
NellyI SergeyL HiroshiG BenjaminL SergeyJ StefanZ PrabhakarA ThomasE StepanW
ConnectProv8
TatiyanaJ NellyM MatasH PrzemekF SergeyL
FeedBurnerUltrav1
JenR StepanW NellyM
MoonNextv5
PrzemekP StepanG StepanZ
FlightsSv7
SundarB PetarR FionaK StefanH SergeyQ SergeyK
DaydreamProv9
LarryZ MaxK PetarI SusanA PrzemekC PrzemekM
FuchsiaUltrav7
MaxB BenjaminR JenF SundarH
TranslateProv9
SundarB
WearOSZv1
TatiyanaO MichalR PetarW NellyG PetarK TatiyanaT SundarS
ClassroomUltrav8
TatiyanaK ThomasL BenjaminG StepanN
LoggingUltrav8
ClementW PrzemekF LarryT JenS TatiyanaC TatiyanaC
CultureProv3
PhilippE RuthT TatiyanaI StepanG JenS LarryG MaxH MatasF ClementJ PetarI RuthM StepanG ClementX ThomasR MatasO
ShoppingMaxv1
JenR LarryJ
WearOSNextv7
SundarV MichalQ SusanY SundarA
AlertsNextv7
StepanP MaxZ StepanO SundarA SusanK MatasS RuthJ StepanG PhilippO MaxK SundarH RuthJ SundarX
GameXv6
BenjaminG StepanD MaxK PetarA LarryN SusanR PrabhakarA StepanC JenH RuthO ClementO MaxZ BakhodirA StefanQ
SantaTrackerXv8
PetarT RuthQ MichalY JenQ BakhodirA
OsLitev8
JenL BenjaminD LarryD PetarH MaxF ClementA ThomasL SusanR ClementW SundarA
StorageSv6
SundarM TatiyanaT StefanA PrabhakarL BakhodirO StefanM RuthQ JenI StefanY FionaK HiroshiW PetarI FionaH JenE MaxK LarryW TatiyanaI FionaT SergeyK MichalW
WearOSProv6
SusanK ThomasQ MaxF RuthT RuthP FionaD ThomasI PetarN
ChatSv1
RuthT SergeyQ
VideoNextv2
PrzemekP
SlidesNextv6
TatiyanaO RuthF SusanC MaxE
KeepLitev3
RuthQ FionaZ ClementO ClementJ MichalV PhilippO FionaZ PhilippJ
CollectionsNextv8
MichalZ BenjaminB TatiyanaJ PrzemekN TatiyanaI BakhodirP RuthQ BakhodirF MatasK NellyV StepanO NellyV TatiyanaI ClementI
CalendarXv8
PetarV PrzemekR StefanT HiroshiM LarryZ NellyD MaxO SundarI LarryS MatasO
AndroidNextv8
NellyV RuthO MichalY LarryC BenjaminD FionaA MaxS
LearnProv8
JenI
FinanceXv5
ClementV
KeepUltrav5
ThomasL
WebserverZv3
RuthM
StadiaSv5
BakhodirL NellyW MatasY PrabhakarL
CalendarUltrav7
PrzemekW MatasP LarryD TatiyanaB
DuoNextv1
StefanQ StepanS HiroshiT LarryZ
AlertsUltrav7
SusanU StefanT TatiyanaO BenjaminR MaxO SusanH TatiyanaK SergeyK StepanJ PetarA NellyC SundarX RuthM
CollectionsUltrav9
StefanK SundarA
SecureLitev1
RuthX SusanU RuthQ PrzemekR ThomasU TatiyanaK MichalY
ScholarZv6
HiroshiR MaxH HiroshiL NellyY
TravelSv1
LarryG LarryG
ClassroomUltrav5
StefanA
DaydreamSv1
TatiyanaK PetarN
StadiaProv5
HiroshiD MaxA
FormsMaxv3
ThomasQ NellyM BenjaminV BenjaminR MatasT MatasO StefanH FionaZ TatiyanaI
SheetsProv1
SusanK StefanK SergeyG FionaA
SlidesLitev5
BenjaminB LarryI FionaH HiroshiJ PetarH NellyU BenjaminG JenL
BloggerLitev8
PetarV BenjaminV BakhodirD ThomasU ClementV
FlightsLitev8
PrzemekF LarryU HiroshiL StefanQ PetarN BakhodirF PrabhakarQ HiroshiT ThomasM HiroshiW LarryU SundarL
SkyXv3
PrzemekW SergeyL MichalQ NellyD ThomasM LarryN FionaW HiroshiQ
LearnLitev7
PetarV RuthP
BloggerMaxv4
StefanK MichalM ClementI ClementJ PetarQ BakhodirM
ChromeProv8
BakhodirA StefanZ JenH MaxE MatasT JenQ NellyU MichalP BakhodirA PrzemekN SergeyA
AndroidTVNextv1
HiroshiG MaxM ClementX SundarH PrzemekF
ArtsUltrav1
SergeyL PrzemekF NellyM SusanH PetarR HiroshiD FionaW PrabhakarL
LoggingNextv4
MatasS StefanY MaxH StefanY NellyC JenL FionaW SusanD SusanO StefanH
DrawingsXv4
ClementW SusanT RuthJ FionaZ PrzemekF BakhodirO
ArtsSv7
ClementV TatiyanaB SusanY FionaK MaxH MichalR ClementO
SheetsLitev8
SusanH HiroshiW PetarI TatiyanaJ NellyY SergeyY SundarH
SheetsProv7
SusanK PetarT StepanK BenjaminN TatiyanaK FionaV MichalY StepanO LarryO TatiyanaI ClementI LarryU
ClassroomProv5
ThomasM FionaK TatiyanaB ThomasQ SergeyG StefanQ MichalZ RuthO RuthP RuthP StepanK SundarX RuthT TatiyanaO
GameSv6
MatasM BenjaminB PrzemekN RuthQ NellyQ HiroshiQ MatasK FionaT
MapsUltrav2
BakhodirF RuthT
GroupsProv4
PrzemekF
ChromeMaxv2
MichalR PrabhakarL RuthM PhilippO PhilippI JenF ClementI PrabhakarA
SheetsLitev7
MaxO ClementN HiroshiJ NellyW SusanT MaxO StepanG
MarsUltrav9
StepanM PetarM MatasO TatiyanaO FionaZ PhilippO SundarM ThomasO StefanT StepanW
SlidesSv2
FionaK TatiyanaA PrzemekF TatiyanaK SundarV LarryN ThomasE PrzemekR
ChatSv4
PhilippI SusanU SergeyJ FionaH PrabhakarL StefanT PrabhakarC MichalF HiroshiJ BakhodirD
CultureXv4
PrzemekR SundarI
NewsMaxv9
LarryJ PrabhakarE LarryJ MichalZ PhilippO SergeyR BenjaminD
ShoppingUltrav8
TatiyanaK PrzemekR
ChromeOSSv5
StefanK StepanG MaxH SundarB TatiyanaJ HiroshiG StepanM NellyD FionaZ PrzemekH
SlidesXv6
SusanR PetarH PhilippE ClementJ
SearchZv1
PrzemekP
GameZv7
StefanT PrzemekW MichalJ HiroshiI PrzemekR PrzemekM ClementO BakhodirG StepanW HiroshiM ThomasU ClementO
FinanceXv7
ClementO MaxZ FionaK BakhodirP SergeyL RuthJ LarryW
DrawingsNextv2
RuthJ PrabhakarB ClementI FionaW RuthM
GlassOSNextv9
LarryJ BakhodirQ
BuildLitev6
ThomasL PetarM BenjaminF SundarL BakhodirP MaxK SundarM TatiyanaZ BakhodirA StefanK BenjaminL HiroshiT PrzemekH PhilippE PrzemekN StefanA ClementJ TatiyanaB
SearchLitev7
PhilippL StepanK MichalR PetarH HiroshiN
StorageNextv6
HiroshiI MatasO StefanQ StepanP
DriveUltrav3
StefanH StepanZ MaxW
DuoXv2
SundarD StefanX JenL
SlidesXv7
ThomasE PrabhakarA PetarH StefanH SundarW StepanX PrzemekR TatiyanaC LarryC ThomasL BenjaminR StefanG MichalR TatiyanaM HiroshiR SergeyJ
GmailSv2
BakhodirL PetarH MatasK ClementV StefanX RuthX MatasY HiroshiN ThomasE TatiyanaI
MeetLitev8
BenjaminV LarryO SusanK ClementJ PetarT SundarI BakhodirP
SheetsZv3
PetarM StefanP SusanK TatiyanaK SundarA MaxO LarryN
ChatNextv1
ClementJ
AndroidTVMaxv3
HiroshiJ MichalW StefanV MatasY MaxK FionaV BakhodirO StefanP HiroshiT HiroshiM FionaA SundarI ThomasO ThomasM RuthJ
WearOSZv9
ThomasN MichalR JenE HiroshiL NellyU BenjaminB LarryI BakhodirD PrabhakarA BakhodirG
SlidesZv5
PrabhakarN
VideoLitev2
FionaK PetarN SundarH SergeyG ClementO StepanG BakhodirL TatiyanaC LarryZ ThomasL FionaQ MatasP BenjaminJ MatasR MaxH StefanX
GameNextv3
MatasK JenC SusanO HiroshiJ
SearchLitev9
LarryR NellyV SusanO StepanX StefanA SergeyK SergeyA SusanT SundarH ClementQ BakhodirB SergeyW PrabhakarL PrabhakarL HiroshiW HiroshiT PrzemekC HiroshiD LarryI NellyC
ChatXv8
BakhodirA
WearOSMaxv6
StepanG BenjaminB PhilippE PetarK StepanW ThomasO
PhotoSv7
TatiyanaO MaxE StepanK
ChromeOSSv8
PrabhakarM LarryI TatiyanaG MatasO SusanY JenR MichalV
DatabaseXv5
TatiyanaK StefanA SundarD MaxW RuthO ClementX ClementX
PixelXv7
PhilippJ NellyD StepanG
WebserverXv9
MichalV
GmailProv3
TatiyanaT PrabhakarA PhilippY RuthO SusanR BakhodirT FionaQ ThomasO PrzemekC BenjaminG MichalZ
OsUltrav1
JenQ JenH NellyG StepanN PetarM NellyU SusanY PrzemekR LarryU RuthQ SundarV RuthQ BenjaminJ FionaL HiroshiT TatiyanaO JenC
CultureSv1
HiroshiW MaxW JenC MaxH PhilippY
DatasetSearchLitev7
PetarO ThomasE SusanU PrabhakarM
SheetsNextv4
ThomasU SusanH ClementX BakhodirA JenI ThomasM LarryG
VoiceXv1
PhilippJ JenR PrabhakarB SergeyX
SearchZv6
ClementW
DataProv8
JenL StepanJ LarryC FionaZ SundarS SergeyK HiroshiD LarryU HiroshiT SundarA PrabhakarC StepanK TatiyanaI
SantaTrackerProv6
ClementN PhilippY ThomasL
FeedBurnerNextv5
RuthB HiroshiB NellyC SundarD
SitesProv8
PrzemekM SusanC MaxS StepanK
BuildMaxv2
MaxK LarryC NellyQ StepanG StepanK
FlightsProv7
StefanK PhilippY MichalY StefanZ FionaA RuthQ SergeyH
PhoneNextv6
MichalR SusanR ThomasL HiroshiR TatiyanaJ BenjaminB HiroshiD RuthJ
StreamLitev8
StefanK LarryN SundarH StepanG BakhodirG PetarQ SusanR
StreamLitev5
PetarA PrzemekH NellyU StepanU BenjaminN BakhodirA MatasK ThomasC SundarM PetarV StepanJ MaxR MatasP
BloggerProv9
ThomasE
BooksNextv5
PrzemekY
ChartsUltrav5
JenR PetarA StefanA ClementJ PetarA TatiyanaB MatasS SergeyW StepanZ
LearnUltrav9
TatiyanaB
AndroidTVMaxv7
PetarV SundarX StepanJ ThomasL
ScholarProv3
MatasR PrzemekC MaxE PetarH
SkyProv5
MatasY BakhodirO PhilippJ JenL
BloggerProv5
StepanM
CurrentsUltrav8
MatasY JenS JenI RuthJ BakhodirT FionaL
GroupsMaxv5
HiroshiT StefanT TatiyanaK FionaT NellyG TatiyanaK HiroshiD
WebserverSv8
PetarH StepanN TatiyanaT
FuchsiaXv4
MaxA
FormsMaxv7
MatasT HiroshiT
AlertsXv7
PrzemekR SundarD MaxW SusanH HiroshiD PrabhakarL
FlightsMaxv7
LarryS BakhodirG RuthO MaxK MatasP PhilippO PrzemekR MichalV SusanY JenQ FionaK ThomasN SusanY SusanR HiroshiJ SusanR
BuildZv3
TatiyanaO
CollectionsLitev4
ThomasU RuthX SundarA MaxW PrabhakarA ClementX
DrawingsLitev8
TatiyanaI SusanT MichalY JenI BakhodirG BakhodirG StefanA
LoggingZv4
LarryK PetarM PetarF
LearnSv2
StepanD NellyM JenQ StepanN StefanZ SergeyL SundarD TatiyanaI
AlertsProv9
ClementN HiroshiI ClementW TatiyanaZ
VideoSv8
HiroshiG PhilippJ JenF
MoonZv4
RuthT
DataSv9
FionaK RuthF TatiyanaX MaxA PrabhakarA SundarX BenjaminN TatiyanaG BakhodirD PhilippJ
DataLitev4
StefanZ NellyV NellyC HiroshiR MichalP BakhodirA TatiyanaM
CastOSSv6
SusanH HiroshiI HiroshiT
VoiceUltrav3
SusanT LarryU
CastOSNextv9
LarryU JenY
FormsXv6
PrzemekF FionaV MichalY RuthF PrabhakarL NellyI BenjaminF
BuildXv3
PhilippO PhilippL MatasP SergeyY ThomasE SundarX StepanM
DaydreamNextv3
RuthX SundarA NellyY PetarH SusanO StefanG NellyM
ReleaseProv4
BenjaminD NellyD PhilippO FionaA LarryD
PhoneNextv7
PetarV LarryO NellyD PrabhakarA MaxH MatasS TatiyanaP HiroshiJ
StorageUltrav3
MatasS BakhodirL
FinanceMaxv7
LarryN StepanU HiroshiL ThomasT SusanT
StreamZv9
HiroshiW StepanP BakhodirQ MatasY PhilippC
SnapshotProv7
SundarA JenC BenjaminB SergeyL SusanC MaxR SergeyY JenE HiroshiW FionaQ StepanS
ShortsUltrav3
MichalY FionaK JenF JenQ MatasT HiroshiI
FuchsiaXv6
LarryG StepanU StepanN
SearchNextv7
ThomasE JenS SergeyG MichalQ
DrawingsSv2
FionaD FionaV SundarI PrabhakarA
FeedBurnerLitev8
SundarX BenjaminL PrabhakarE
MoonUltrav4
LarryN
MeetLitev1
LarryS BenjaminY StepanJ
DocsZv7
PrzemekC LarryG SergeyL
BloggerMaxv8
StefanA StepanW FionaK PhilippO MichalW LarryO ClementV
SkyProv4
MichalZ ThomasQ
YouTubeLitev1
StepanK BenjaminJ BenjaminR
CodeZv4
SusanR BenjaminR
StorageZv3
PhilippI TatiyanaA NellyQ SusanH JenQ BenjaminJ LarryO
TravelProv9
TatiyanaO RuthX
ShortsZv6
HiroshiT MichalR LarryC PetarT RuthX SusanU StefanA MatasS HiroshiW
BloggerNextv5
PrabhakarL RuthQ
StreetViewZv8
SusanO LarryG FionaA PhilippC StepanW ClementJ TatiyanaJ
ReleaseProv9
RuthF JenF PhilippI MatasS ThomasL PetarI HiroshiL RuthJ FionaI TatiyanaK NellyW
GameUltrav3
PrzemekR ThomasN HiroshiT PhilippC NellyV HiroshiW
ClassroomZv6
StepanZ HiroshiQ TatiyanaB
FuchsiaUltrav9
SergeyJ
SantaTrackerMaxv6
PhilippY ClementJ SergeyG
GmailMaxv9
FionaH LarryG ThomasN RuthX ThomasO PrabhakarB SusanC LarryJ BenjaminN
FinanceProv3
FionaK
MapsNextv5
PrzemekR FionaZ
MarsSv4
RuthX NellyY FionaL PrzemekH HiroshiI MatasK FionaD BenjaminJ FionaZ JenQ LarryK
CultureMaxv5
JenS SundarH StepanD StefanK FionaL HiroshiM PhilippO LarryO PrzemekP PetarI PetarF PrzemekR PhilippO LarryG
ConnectZv9
MaxH SundarA TatiyanaO ThomasU HiroshiU TatiyanaB NellyG
ArtsSv1
FionaK
DataNextv6
SusanA BakhodirB TatiyanaK StepanG SundarD ThomasO FionaL MichalR PrzemekU StefanT
ScholarUltrav3
ClementA SusanT SergeyL PrabhakarB BenjaminV
DocsXv8
SusanC PrzemekF BakhodirG SergeyL SergeyQ NellyD PetarM LarryC MatasS PrzemekW MichalM JenQ NellyG TatiyanaJ SergeyJ ClementX PetarN SusanY ThomasT SusanK StefanK PrabhakarE
PixelNextv8
SergeyG PrabhakarL PetarF BakhodirO JenL StepanZ BakhodirQ TatiyanaG ThomasC BakhodirP HiroshiQ FionaL ThomasE
TravelLitev9
SundarV MichalY
FeedBurnerXv9
SundarH FionaQ
FlightsLitev4
HiroshiJ PetarK ClementX
AlertsProv1
JenQ TatiyanaI LarryD MatasS JenL
SkyZv5
SundarM
NewsXv7
SundarV JenF TatiyanaK TatiyanaO SusanA
VoiceMaxv2
PetarV HiroshiL
DatasetSearchZv2
RuthT SundarA LarryC LarryT BenjaminD NellyY ClementX MichalQ
ClassroomSv2
RuthX
FinanceSv1
ClementW FionaU TatiyanaM HiroshiR RuthM SergeyK MichalV RuthQ MaxS
DatabaseLitev2
FionaD HiroshiL
StadiaLitev7
JenQ NellyD SergeyG LarryG BakhodirL ThomasO HiroshiD MatasR
BooksXv8
PrabhakarL HiroshiL SusanT
DrawingsUltrav4
LarryN ClementW StefanG
SitesUltrav7
JenH JenC SusanT FionaI LarryN LarryC SundarB PrabhakarA
BooksProv9
JenS PhilippV TatiyanaB
VideoProv1
PrzemekW PrabhakarA LarryD PetarH PetarO PhilippI PrzemekW SergeyH SusanY
ConnectXv3
StefanG
ClassroomProv7
TatiyanaU BakhodirF PhilippT RuthA JenL FionaA SundarA MichalZ PrabhakarE
SecureNextv9
PrzemekM LarryD HiroshiD LarryZ StepanJ PrabhakarE JenI SergeyH MichalV
BloggerProv3
TatiyanaJ FionaQ FionaQ ThomasN NellyU MatasK PrzemekN
SlidesProv5
LarryZ
BooksMaxv7
PetarH
ConnectZv6
RuthM MatasP SusanT StepanU ClementX BenjaminL PhilippO SusanT SergeyW
StreetViewMaxv2
FionaU HiroshiT FionaK LarryU
PhotoNextv3
ThomasO PrzemekW MaxF RuthP MatasR PrzemekM JenS StepanU ThomasZ
PixelNextv9
MaxE SundarH PrabhakarM RuthF SusanH BakhodirA
ImagesUltrav9
PetarI TatiyanaK
ExploreZv8
PrzemekV JenS BenjaminR RuthP BakhodirF LarryG ClementJ TatiyanaO MaxE StepanN MaxA ClementA ThomasE ClementA PrzemekR
GroupsLitev4
MichalR
DrawingsProv5
StefanK ThomasL TatiyanaK PetarF ClementV StefanK SundarA ThomasZ
CurrentsMaxv6
PrzemekC MatasO SergeyG BakhodirQ LarryZ
SearchZv3
NellyU BakhodirO ThomasI PhilippK SusanA RuthP FionaH SusanD MichalY
BooksLitev1
StepanU PetarK StefanK MichalR HiroshiU StepanK NellyV FionaK NellyG ClementW BenjaminD MaxE
GroupsMaxv4
MichalZ FionaI PhilippY
ShortsProv5
SusanR PrzemekW
SantaTrackerMaxv4
ThomasQ StefanZ PetarJ TatiyanaI TatiyanaO MichalV
VoiceZv6
HiroshiQ HiroshiL
CurrentsSv7
BakhodirG FionaT TatiyanaI MatasR BenjaminJ TatiyanaK SundarH JenL TatiyanaI StefanK HiroshiQ
StreetViewUltrav7
SergeyG MaxE ThomasQ RuthO RuthJ PrzemekN HiroshiD MaxW MichalQ PrzemekH ClementV
CastOSLitev2
ClementX MichalY SergeyK NellyY MichalY StefanT HiroshiL StefanZ SusanC
FlightsSv9
TatiyanaI ClementJ RuthX SusanR
MeetXv6
ThomasU NellyQ LarryT NellyD MaxB StepanJ BenjaminF SergeyL HiroshiW BakhodirP
ChartsLitev8
LarryS SundarB StefanG SergeyR LarryU MatasP FionaZ
OsProv3
PrabhakarQ FionaK MaxB
ArtsNextv2
PrzemekR SusanK TatiyanaT LarryS
SkyMaxv9
SusanO PetarJ LarryS JenE SusanR LarryZ RuthP HiroshiJ ThomasI FionaH MaxZ
FeedBurnerZv6
LarryS
BloggerProv4
BakhodirQ PrabhakarL HiroshiT
AndroidProv8
RuthQ LarryT MatasM LarryC BenjaminG
KeepNextv4
PrabhakarN
MeetSv4
FionaL PhilippE
LoggingMaxv5
PetarA PrabhakarL StepanD MaxB BakhodirL LarryZ FionaI BakhodirA
WebserverMaxv5
ThomasD MichalJ TatiyanaT FionaL
DreamNextv6
PrzemekC StepanU StefanA MatasY
MapsLitev8
LarryO PetarK LarryC ClementI FionaD NellyG PetarQ JenQ StefanK PrzemekU BakhodirL
ConnectNextv2
ThomasN HiroshiJ ThomasN ClementO StepanK StepanR SusanR MatasS ThomasQ JenQ ClementN LarryS
DocsMaxv3
BenjaminV BakhodirD LarryG HiroshiR BenjaminG BenjaminG LarryW MichalY PrabhakarB
TranslateUltrav5
SusanK ClementN FionaQ NellyU LarryO BakhodirF StepanU MichalV
ChatProv8
PrzemekM PhilippI MaxK SundarA MatasF RuthM SundarH BakhodirG SundarD ThomasN
AndroidAutoLitev2
PetarT PrabhakarL SundarA LarryO StefanY NellyV PetarJ PetarM StefanY StefanH
VideoMaxv2
MichalY StepanW NellyD TatiyanaG BenjaminN LarryC
PhoneProv2
PrabhakarL
ShoppingUltrav3
PhilippC MichalV SusanR PrzemekC MatasP ThomasO SusanC
TranslateProv4
SusanO BakhodirF BakhodirQ PrzemekU TatiyanaO MaxO RuthX PrzemekF MaxB HiroshiI SergeyJ
FuchsiaProv7
BenjaminJ ClementI BakhodirQ
SitesLitev3
BakhodirT StefanT RuthQ SundarB RuthT SundarD
SheetsXv3
BakhodirM BakhodirD PhilippY SundarH PrabhakarB StepanK HiroshiI PrabhakarM
DataXv5
BakhodirT StepanC SusanO
ConnectZv4
HiroshiT FionaL PrzemekN SundarB TatiyanaB SergeyG JenH StepanG ThomasQ HiroshiW FionaQ ThomasO FionaT TatiyanaC
ChartsMaxv5
HiroshiR StefanY MichalY SusanK FionaT
ClassroomMaxv4
StepanJ NellyV
PatentsProv3
BenjaminJ FionaT MatasK NellyG
AssistantSv5
JenU HiroshiW PrzemekR SusanT SusanK PrabhakarE SundarI StefanQ ClementO
PhotoNextv8
PhilippV ThomasO NellyM PrzemekU StepanN SundarA BakhodirG RuthA
DrawingsXv5
BakhodirQ MaxK JenS HiroshiI PrzemekF
SnapshotXv7
PetarW SusanT TatiyanaG TatiyanaA MaxZ NellyI BakhodirF SusanU SergeyQ TatiyanaX PrzemekF PetarA PetarW MichalQ LarryO LarryJ
CultureZv2
PrzemekU FionaZ HiroshiG ThomasM
PixelNextv2
StepanK PrabhakarL BakhodirL StepanJ BakhodirG SergeyK FionaL StefanK
SlidesMaxv2
SergeyK NellyC PetarQ BakhodirQ StefanP ThomasL NellyC TatiyanaT StefanK
OsNextv6
SusanD TatiyanaC LarryD SusanR PrzemekN ThomasM FionaK MatasP RuthM
BuildUltrav6
MaxE BakhodirG SundarV
GlassOSUltrav6
MaxE ThomasL TatiyanaT SundarB TatiyanaK BakhodirF MaxW LarryW
DrawingsProv2
MatasS
ReleaseLitev7
RuthT SergeyW FionaV MaxO
CalendarUltrav3
PetarK
FuchsiaNextv3
SundarH ClementX StefanQ StepanC ClementX TatiyanaX BakhodirG
ShoppingXv1
HiroshiI MichalP StepanM
DreamXv7
MatasT ClementX NellyD SusanT BenjaminL
PhoneMaxv3
SundarX PetarW TatiyanaO LarryR ClementJ JenQ SergeyQ PetarT LarryS BenjaminV SundarA BenjaminL PetarG TatiyanaX SusanO
FinanceNextv6
SundarB FionaA StefanV BakhodirT MatasY ClementX MichalY SusanC
GmailMaxv3
MichalZ HiroshiQ HiroshiJ PetarM SusanR LarryU BenjaminJ
CultureMaxv9
MaxW RuthF TatiyanaO BakhodirO StepanU TatiyanaO RuthJ
FuchsiaZv3
JenC StefanZ StepanU ThomasE MaxE StefanZ BenjaminB SusanC TatiyanaK PhilippC SusanT StefanX
DatabaseProv4
LarryU StepanX PrabhakarA JenL TatiyanaK ClementW RuthX MichalZ
ChromeLitev5
SergeyQ JenS LarryC BenjaminG BenjaminD
StorageZv4
StepanK MatasS BakhodirO StepanW PhilippK StefanP
ReleaseZv6
PetarN StepanG MatasF SergeyW StefanY JenU
StorageXv3
HiroshiW SundarB NellyD HiroshiT FionaA
CastOSMaxv7
BenjaminV SusanO LarryN TatiyanaT NellyD LarryG StepanJ PrabhakarC LarryO MaxK PrzemekU PhilippT NellyD ClementO PrabhakarA NellyU JenL
SheetsNextv8
FionaK MaxW BakhodirD MatasR LarryZ LarryU SusanY ClementJ BakhodirD HiroshiL BenjaminV
AndroidAutoZv1
PetarV HiroshiL
StreamNextv7
BenjaminL LarryO HiroshiB JenQ SundarH MatasF FionaH PetarW StepanN MatasO SergeyQ
GameMaxv5
NellyD LarryO MaxH JenC
AssistantMaxv9
ThomasQ
StorageNextv7
BenjaminD FionaT TatiyanaG HiroshiW HiroshiN HiroshiJ MichalY PrabhakarE BenjaminD NellyW SusanR NellyD PetarO PhilippO
ArtsZv4
PetarI NellyQ
CurrentsProv7
SusanT
SantaTrackerSv6
SundarH SusanO MaxE HiroshiR
VideoProv6
BenjaminB StepanU FionaK RuthF SundarA NellyV PrzemekN StepanZ StefanK RuthX BenjaminR BakhodirF MatasT StefanP
SecureProv5
TatiyanaK PetarM HiroshiW ThomasI PhilippY BakhodirF ThomasL
OsLitev3
ClementQ JenL RuthP PhilippY ThomasN
StreamSv6
TatiyanaK StefanH
DriveLitev7
BakhodirO LarryT ClementW
FeedBurnerUltrav9
HiroshiG FionaA FionaQ PrzemekH ClementV
ExploreXv6
BakhodirG MatasF BenjaminN SergeyW MaxE MichalZ BenjaminB MichalR
StorageNextv9
BenjaminD NellyV MaxR PetarV ThomasI BenjaminV StepanW StepanK MaxE
ScholarLitev1
ThomasE PetarJ ClementX TatiyanaG ThomasM PrzemekR MatasY PrabhakarL StefanZ HiroshiR TatiyanaX HiroshiD
LoggingUltrav6
JenF PhilippI BenjaminP HiroshiT LarryG JenS BakhodirA PhilippE
FuchsiaXv5
SergeyY PhilippJ LarryT PrabhakarA MichalQ BakhodirA JenF RuthM TatiyanaG PrzemekH MichalZ HiroshiI ThomasI TatiyanaX RuthA LarryO RuthF MichalV StepanN
TranslateXv1
BakhodirF
MeetXv2
PrzemekF LarryD StepanK PhilippV
NewsLitev2
ThomasL PetarV SundarM NellyQ PrabhakarB
CurrentsProv9
MaxA StepanN MichalZ PrzemekF LarryC LarryI
MoonXv6
ClementV PrabhakarN ClementX PrzemekR MaxO ClementW SusanY
SnapshotNextv5
TatiyanaC HiroshiJ HiroshiD ThomasE SusanY PhilippI SundarB TatiyanaZ TatiyanaA ThomasI
TranslateUltrav1
BakhodirF PrabhakarA MatasK HiroshiR PrzemekC NellyU MatasS MaxE SusanT HiroshiD BenjaminL
MarsSv8
BenjaminN RuthJ StepanG BakhodirO ClementX NellyD HiroshiR StefanZ MaxB BakhodirG MatasY BenjaminN TatiyanaG
ChromeOSProv2
HiroshiQ BakhodirB MatasT TatiyanaO MichalF PrzemekM PhilippY BakhodirB PetarT
CodeZv6
MichalV PhilippJ BakhodirO RuthF MichalF HiroshiD MatasK JenF JenH TatiyanaZ SundarV LarryS
GlassOSZv4
MatasF StefanT BenjaminL ThomasO PrzemekC TatiyanaJ RuthT TatiyanaA ClementX HiroshiI PrabhakarA BenjaminR NellyV PetarQ StefanP TatiyanaI MichalY
ShortsXv4
LarryY HiroshiW TatiyanaA StepanZ BenjaminD JenF LarryJ PrzemekF LarryJ FionaK
SecureProv3
MaxB BenjaminY PetarM TatiyanaO
MoonUltrav2
ThomasM SundarH PetarJ HiroshiT StepanZ ClementX MatasO PrabhakarA TatiyanaK TatiyanaT
SantaTrackerSv7
SundarX StepanP
ScholarLitev6
BenjaminD MichalM NellyQ
ResearchNextv9
SergeyL PhilippJ JenE RuthO FionaT SundarA SundarA ThomasI
WearOSNextv1
BenjaminL BenjaminG LarryT ClementJ NellyW JenR MichalR PrzemekR PrzemekC
FormsUltrav3
ThomasL MatasF HiroshiI NellyU StepanG PetarN TatiyanaA StepanO
PhotoProv1
JenL
SecureSv2
NellyV ThomasK
StreetViewSv9
PrabhakarL LarryG PetarG SundarJ
FuchsiaNextv5
StepanR TatiyanaK BakhodirA
DatabaseSv1
TatiyanaB StepanD FionaI BakhodirB LarryC NellyC MatasO TatiyanaU
MarsProv9
HiroshiJ ThomasE
KeepMaxv2
ClementW ThomasL HiroshiM ClementO TatiyanaM
SnapshotXv4
NellyI MatasR
DrawingsUltrav7
PrabhakarB PhilippO RuthO MatasS StepanG
SlidesXv5
BenjaminL SundarI PetarI JenC MaxM
ResearchZv3
NellyQ ThomasK
FinanceNextv3
MatasP MatasS HiroshiL
ShortsUltrav5
FionaZ LarryO SergeyH NellyC MichalR TatiyanaA SusanT TatiyanaB
PixelMaxv1
StefanK RuthP JenH NellyD FionaD NellyW TatiyanaK SusanH LarryS JenE FionaI
StorageSv5
PhilippJ MaxO LarryU LarryD ThomasN PrabhakarE TatiyanaX
KeepSv1
StepanJ PrabhakarL BenjaminY MatasF StepanP StepanP SusanP SundarV
GameNextv2
BakhodirO ClementV PrzemekM StepanK LarryS TatiyanaU PhilippK JenI JenQ
CollectionsMaxv2
HiroshiW FionaV
PatentsLitev6
PetarQ SusanC TatiyanaT StefanH
ShortsProv9
BenjaminL StefanX StepanW
PixelLitev7
TatiyanaG SundarA StepanK TatiyanaT PetarV FionaA JenR JenQ FionaK HiroshiQ
ScholarMaxv3
FionaA RuthX NellyV RuthO RuthM StepanW
BloggerProv1
ThomasT TatiyanaC JenS ClementJ
DrawingsSv8
TatiyanaC BenjaminG SundarV HiroshiQ PetarG ClementW ClementI StefanA
OsZv3
SusanR LarryS HiroshiD
FlightsZv9
MichalY
NewsXv6
PhilippI JenR MichalW PetarT
MeetXv5
PrzemekU NellyD StefanK FionaH RuthM StefanT PetarK
SecureSv1
FionaA BakhodirB PetarF FionaQ SusanP BenjaminN HiroshiD MichalG
MarsLitev9
NellyM MichalR FionaD HiroshiW PetarQ StepanD StefanP StefanP RuthX SusanR MatasS
SantaTrackerXv6
ClementV SusanY JenS JenR ThomasN ClementI TatiyanaM BakhodirB TatiyanaC
SearchNextv2
RuthA StepanD TatiyanaX PrzemekC HiroshiI BakhodirO LarryC PetarK NellyI PrabhakarL MatasP HiroshiI BakhodirP
MoonZv1
NellyD BakhodirT PrzemekH ClementJ BenjaminD MatasS LarryT PrzemekF BenjaminG
SecureNextv1
LarryZ HiroshiL SusanU PrabhakarA ThomasE MatasY LarryK LarryZ HiroshiR
ShortsXv1
HiroshiT SusanH
TranslateZv6
FionaH NellyD BenjaminF MichalV
ExploreXv9
ClementA MaxE
StorageUltrav9
StefanT SusanR NellyM BenjaminG PrzemekF BakhodirO MichalY
SmartXv3
NellyM LarryN LarryI SusanT ClementX PrabhakarL NellyD StepanW LarryJ TatiyanaO
ConnectUltrav7
MichalV HiroshiB FionaK JenL PetarH RuthO
ReleaseUltrav1
MichalG TatiyanaB PhilippT PrzemekM
SheetsLitev5
SusanY MichalV TatiyanaJ TatiyanaP TatiyanaG PhilippK JenF BakhodirF BakhodirD BakhodirL RuthO StefanG MatasM MaxW JenQ PrzemekM
GameUltrav8
ThomasE StefanG PhilippI BenjaminF
PatentsProv1
ClementO PetarK RuthQ StepanZ HiroshiT PrabhakarL MichalM
SmartMaxv7
PhilippO MatasF MatasR StepanJ
StadiaUltrav4
StefanT FionaV SergeyJ NellyW FionaQ NellyD
SitesXv7
NellyI ClementO SusanU
FeedBurnerProv6
SusanR SergeyY BakhodirA
BuildProv1
TatiyanaT
OsNextv4
LarryU StepanJ NellyC NellyU MatasO StefanZ BakhodirL
AndroidAutoUltrav7
FionaK ClementV FionaL PhilippO
ShoppingZv7
PrabhakarA BenjaminL StepanO MatasO JenR ThomasU ClementJ
DaydreamUltrav2
MichalQ RuthM ThomasD MatasO StefanZ BenjaminN SundarS SusanT StepanP SergeyH NellyC MatasS TatiyanaX HiroshiJ PetarT
SecureNextv8
SundarA SundarA SusanH ThomasE
OsUltrav8
PrzemekU LarryN ClementQ PhilippO
FeedBurnerProv5
PrzemekV MatasR
LearnUltrav5
LarryS PrabhakarB NellyU
ClassroomProv6
PetarT SusanU ThomasE TatiyanaB
GameZv4
RuthM HiroshiJ PrzemekF RuthJ
FlightsUltrav2
LarryN SundarH
DreamMaxv2
RuthX StefanK
ReleaseSv1
ThomasN RuthJ LarryN StefanZ SusanO HiroshiQ StefanV PrzemekF MaxB StefanG StepanC LarryD TatiyanaO
PatentsXv2
SusanH PrzemekF MaxZ JenL MichalM ThomasU LarryZ
SnapshotZv7
PrabhakarM StefanT SundarH LarryZ NellyQ LarryS SusanY StefanH JenQ
ExploreUltrav8
HiroshiT TatiyanaI RuthO JenQ SundarD StepanZ SusanH BakhodirF LarryJ HiroshiQ
AndroidTVMaxv9
FionaK TatiyanaG FionaV
ShortsNextv6
FionaT ThomasD SusanC HiroshiI
BuildNextv6
FionaK PrzemekU PrabhakarA SusanC HiroshiQ
YouTubeUltrav3
RuthO NellyI SundarA
ArtsUltrav6
LarryK MaxS BakhodirF PetarI
CollectionsXv5
TatiyanaT HiroshiL ThomasD SusanU FionaV MaxB ClementX
PatentsZv1
PetarO LarryR RuthJ PetarJ FionaL
TravelZv7
FionaA SergeyG LarryK StepanW StefanA
BooksNextv2
BakhodirA LarryI PetarG ThomasD BakhodirF BakhodirA BakhodirQ
PhoneNextv4
BenjaminL FionaK
BooksZv6
MaxE FionaH SergeyQ PhilippK PetarQ TatiyanaZ
DuoUltrav9
HiroshiR JenS MatasY LarryG SundarA HiroshiQ
ClassroomMaxv9
LarryY RuthQ StepanD MatasO LarryW ThomasM NellyI PetarA LarryT StepanZ SusanT FionaA ThomasU TatiyanaT
BuildMaxv9
MatasO BenjaminB
StadiaXv5
SergeyK SergeyY SundarH StepanK RuthO MaxS StepanU LarryC StefanK PrzemekR StepanM
SmartSv5
ClementO BenjaminJ NellyD SundarA SusanU PrzemekF PetarO HiroshiL TatiyanaC SusanY
AndroidUltrav2
PrabhakarB FionaH LarryC HiroshiL SusanR
DocsLitev4
StefanU LarryY SundarH SergeyG JenL BenjaminR TatiyanaI LarryO
VoiceProv1
PhilippT SundarD LarryC LarryU
CodeSv6
LarryS PrzemekF ThomasI HiroshiL StefanP HiroshiT MatasP LarryC